host: 189.39.3.0, ping: False
host: 189.39.3.1, ping: True
host: 189.39.3.2, ping: False
host: 189.39.3.3, ping: True
host: 189.39.3.4, ping: True
host: 189.39.3.5, ping: True
host: 189.39.3.6, ping: True
host: 189.39.3.7, ping: True
host: 189.39.3.8, ping: False
host: 189.39.3.9, ping: True
host: 189.39.3.10, ping: True
host: 189.39.3.11, ping: False
host: 189.39.3.12, ping: True
host: 189.39.3.13, ping: False
host: 189.39.3.14, ping: False
host: 189.39.3.15, ping: False
host: 189.39.3.16, ping: False
host: 189.39.3.17, ping: False
host: 189.39.3.18, ping: False
host: 189.39.3.19, ping: False
host: 189.39.3.20, ping: False
host: 189.39.3.21, ping: False
host: 189.39.3.22, ping: False
host: 189.39.3.23, ping: False
host: 189.39.3.24, ping: False
host: 189.39.3.25, ping: False
host: 189.39.3.26, ping: False
host: 189.39.3.27, ping: False
host: 189.39.3.28, ping: False
host: 189.39.3.29, ping: False
host: 189.39.3.30, ping: False
host: 189.39.3.31, ping: False
host: 189.39.3.32, ping: False
host: 189.39.3.33, ping: False
host: 189.39.3.34, ping: False
host: 189.39.3.35, ping: False
host: 189.39.3.36, ping: False
host: 189.39.3.37, ping: False
host: 189.39.3.38, ping: False
host: 189.39.3.39, ping: False
host: 189.39.3.40, ping: False
host: 189.39.3.41, ping: False
host: 189.39.3.42, ping: False
host: 189.39.3.43, ping: False
host: 189.39.3.44, ping: False
host: 189.39.3.45, ping: False
host: 189.39.3.46, ping: False
host: 189.39.3.47, ping: False
host: 189.39.3.48, ping: False
host: 189.39.3.49, ping: False
host: 189.39.3.50, ping: False
host: 189.39.3.51, ping: False
host: 189.39.3.52, ping: False
host: 189.39.3.53, ping: False
host: 189.39.3.54, ping: False
host: 189.39.3.55, ping: False
host: 189.39.3.56, ping: False
host: 189.39.3.57, ping: False
host: 189.39.3.58, ping: False
host: 189.39.3.59, ping: False
host: 189.39.3.60, ping: False
host: 189.39.3.61, ping: False
host: 189.39.3.62, ping: False
host: 189.39.3.63, ping: False
host: 189.39.3.64, ping: False
host: 189.39.3.65, ping: False
host: 189.39.3.66, ping: False
host: 189.39.3.67, ping: False
host: 189.39.3.68, ping: False
host: 189.39.3.69, ping: False
host: 189.39.3.70, ping: False
host: 189.39.3.71, ping: False
host: 189.39.3.72, ping: False
host: 189.39.3.73, ping: False
host: 189.39.3.74, ping: False
host: 189.39.3.75, ping: False
host: 189.39.3.76, ping: False
host: 189.39.3.77, ping: False
host: 189.39.3.78, ping: False
host: 189.39.3.79, ping: False
host: 189.39.3.80, ping: False
host: 189.39.3.81, ping: False
host: 189.39.3.82, ping: False
host: 189.39.3.83, ping: False
host: 189.39.3.84, ping: False
host: 189.39.3.85, ping: False
host: 189.39.3.86, ping: False
host: 189.39.3.87, ping: False
host: 189.39.3.88, ping: False
host: 189.39.3.89, ping: False
host: 189.39.3.90, ping: False
host: 189.39.3.91, ping: False
host: 189.39.3.92, ping: False
host: 189.39.3.93, ping: False
host: 189.39.3.94, ping: False
host: 189.39.3.95, ping: False
host: 189.39.3.96, ping: False
host: 189.39.3.97, ping: False
host: 189.39.3.98, ping: False
host: 189.39.3.99, ping: False
host: 189.39.3.100, ping: False
host: 189.39.3.101, ping: False
host: 189.39.3.102, ping: False
host: 189.39.3.103, ping: False
host: 189.39.3.104, ping: False
host: 189.39.3.105, ping: False
host: 189.39.3.106, ping: False
host: 189.39.3.107, ping: False
host: 189.39.3.108, ping: False
host: 189.39.3.109, ping: False
host: 189.39.3.110, ping: False
host: 189.39.3.111, ping: False
host: 189.39.3.112, ping: False
host: 189.39.3.113, ping: False
host: 189.39.3.114, ping: False
host: 189.39.3.115, ping: False
host: 189.39.3.116, ping: False
host: 189.39.3.117, ping: False
host: 189.39.3.118, ping: False
host: 189.39.3.119, ping: False
host: 189.39.3.120, ping: False
host: 189.39.3.121, ping: False
host: 189.39.3.122, ping: False
host: 189.39.3.123, ping: False
host: 189.39.3.124, ping: False
host: 189.39.3.125, ping: False
host: 189.39.3.126, ping: False
host: 189.39.3.127, ping: False
host: 189.39.3.128, ping: False
host: 189.39.3.129, ping: False
host: 189.39.3.130, ping: False
host: 189.39.3.131, ping: False
host: 189.39.3.132, ping: False
host: 189.39.3.133, ping: False
host: 189.39.3.134, ping: False
host: 189.39.3.135, ping: False
host: 189.39.3.136, ping: False
host: 189.39.3.137, ping: False
host: 189.39.3.138, ping: False
host: 189.39.3.139, ping: False
host: 189.39.3.140, ping: False
host: 189.39.3.141, ping: False
host: 189.39.3.142, ping: False
host: 189.39.3.143, ping: False
host: 189.39.3.144, ping: False
host: 189.39.3.145, ping: False
host: 189.39.3.146, ping: False
host: 189.39.3.147, ping: False
host: 189.39.3.148, ping: False
host: 189.39.3.149, ping: False
host: 189.39.3.150, ping: False
host: 189.39.3.151, ping: False
host: 189.39.3.152, ping: False
host: 189.39.3.153, ping: False
host: 189.39.3.154, ping: False
host: 189.39.3.155, ping: False
host: 189.39.3.156, ping: False
host: 189.39.3.157, ping: False
host: 189.39.3.158, ping: False
host: 189.39.3.159, ping: False
host: 189.39.3.160, ping: False
host: 189.39.3.161, ping: False
host: 189.39.3.162, ping: False
host: 189.39.3.163, ping: False
host: 189.39.3.164, ping: False
host: 189.39.3.165, ping: False
host: 189.39.3.166, ping: False
host: 189.39.3.167, ping: False
host: 189.39.3.168, ping: False
host: 189.39.3.169, ping: False
host: 189.39.3.170, ping: False
host: 189.39.3.171, ping: False
host: 189.39.3.172, ping: False
host: 189.39.3.173, ping: False
host: 189.39.3.174, ping: False
host: 189.39.3.175, ping: False
host: 189.39.3.176, ping: False
host: 189.39.3.177, ping: False
host: 189.39.3.178, ping: False
host: 189.39.3.179, ping: False
host: 189.39.3.180, ping: False
host: 189.39.3.181, ping: False
host: 189.39.3.182, ping: False
host: 189.39.3.183, ping: False
host: 189.39.3.184, ping: False
host: 189.39.3.185, ping: False
host: 189.39.3.186, ping: False
host: 189.39.3.187, ping: False
host: 189.39.3.188, ping: False
host: 189.39.3.189, ping: False
host: 189.39.3.190, ping: False
host: 189.39.3.191, ping: False
host: 189.39.3.192, ping: False
host: 189.39.3.193, ping: False
host: 189.39.3.194, ping: False
host: 189.39.3.195, ping: False
host: 189.39.3.196, ping: False
host: 189.39.3.197, ping: False
host: 189.39.3.198, ping: False
host: 189.39.3.199, ping: False
host: 189.39.3.200, ping: False
host: 189.39.3.201, ping: False
host: 189.39.3.202, ping: False
host: 189.39.3.203, ping: False
host: 189.39.3.204, ping: False
host: 189.39.3.205, ping: False
host: 189.39.3.206, ping: False
host: 189.39.3.207, ping: False
host: 189.39.3.208, ping: False
host: 189.39.3.209, ping: False
host: 189.39.3.210, ping: False
host: 189.39.3.211, ping: False
host: 189.39.3.212, ping: False
host: 189.39.3.213, ping: False
host: 189.39.3.214, ping: False
host: 189.39.3.215, ping: False
host: 189.39.3.216, ping: False
host: 189.39.3.217, ping: False
host: 189.39.3.218, ping: False
host: 189.39.3.219, ping: False
host: 189.39.3.220, ping: False
host: 189.39.3.221, ping: False
host: 189.39.3.222, ping: False
host: 189.39.3.223, ping: False
host: 189.39.3.224, ping: False
host: 189.39.3.225, ping: False
host: 189.39.3.226, ping: False
host: 189.39.3.227, ping: False
host: 189.39.3.228, ping: False
host: 189.39.3.229, ping: False
host: 189.39.3.230, ping: False
host: 189.39.3.231, ping: False
host: 189.39.3.232, ping: False
host: 189.39.3.233, ping: False
host: 189.39.3.234, ping: False
host: 189.39.3.235, ping: False
host: 189.39.3.236, ping: False
host: 189.39.3.237, ping: False
host: 189.39.3.238, ping: False
host: 189.39.3.239, ping: False
host: 189.39.3.240, ping: False
host: 189.39.3.241, ping: False
host: 189.39.3.242, ping: False
host: 189.39.3.243, ping: False
host: 189.39.3.244, ping: False
host: 189.39.3.245, ping: False
host: 189.39.3.246, ping: False
host: 189.39.3.247, ping: False
host: 189.39.3.248, ping: False
host: 189.39.3.249, ping: False
host: 189.39.3.250, ping: False
host: 189.39.3.251, ping: False
host: 189.39.3.252, ping: False
host: 189.39.3.253, ping: False
host: 189.39.3.254, ping: False
host: 189.39.3.255, ping: False
host: 200.225.196.0, ping: False
host: 200.225.196.1, ping: True
host: 200.225.196.2, ping: True
host: 200.225.196.3, ping: True
host: 200.225.196.4, ping: True
host: 200.225.196.5, ping: True
host: 200.225.196.6, ping: True
host: 200.225.196.7, ping: True
host: 200.225.196.8, ping: True
host: 200.225.196.9, ping: True
host: 200.225.196.10, ping: True
host: 200.225.196.11, ping: False
host: 200.225.196.12, ping: True
host: 200.225.196.13, ping: True
host: 200.225.196.14, ping: True
host: 200.225.196.15, ping: True
host: 200.225.196.16, ping: False
host: 200.225.196.17, ping: True
host: 200.225.196.18, ping: True
host: 200.225.196.19, ping: True
host: 200.225.196.20, ping: False
host: 200.225.196.21, ping: True
host: 200.225.196.22, ping: True
host: 200.225.196.23, ping: False
host: 200.225.196.24, ping: False
host: 200.225.196.25, ping: False
host: 200.225.196.26, ping: False
host: 200.225.196.27, ping: False
host: 200.225.196.28, ping: False
host: 200.225.196.29, ping: True
host: 200.225.196.30, ping: True
host: 200.225.196.31, ping: False
host: 200.225.196.32, ping: False
host: 200.225.196.33, ping: False
host: 200.225.196.34, ping: False
host: 200.225.196.35, ping: False
host: 200.225.196.36, ping: False
host: 200.225.196.37, ping: False
host: 200.225.196.38, ping: False
host: 200.225.196.39, ping: False
host: 200.225.196.40, ping: False
host: 200.225.196.41, ping: False
host: 200.225.196.42, ping: False
host: 200.225.196.43, ping: False
host: 200.225.196.44, ping: False
host: 200.225.196.45, ping: False
host: 200.225.196.46, ping: False
host: 200.225.196.47, ping: False
host: 200.225.196.48, ping: False
host: 200.225.196.49, ping: True
host: 200.225.196.50, ping: True
host: 200.225.196.51, ping: False
host: 200.225.196.52, ping: False
host: 200.225.196.53, ping: True
host: 200.225.196.54, ping: True
host: 200.225.196.55, ping: False
host: 200.225.196.56, ping: False
host: 200.225.196.57, ping: False
host: 200.225.196.58, ping: True
host: 200.225.196.59, ping: False
host: 200.225.196.60, ping: False
host: 200.225.196.61, ping: False
host: 200.225.196.62, ping: True
host: 200.225.196.63, ping: False
host: 200.225.196.64, ping: False
host: 200.225.196.65, ping: True
host: 200.225.196.66, ping: True
host: 200.225.196.67, ping: True
host: 200.225.196.68, ping: False
host: 200.225.196.69, ping: False
host: 200.225.196.70, ping: True
host: 200.225.196.71, ping: False
host: 200.225.196.72, ping: True
host: 200.225.196.73, ping: False
host: 200.225.196.74, ping: False
host: 200.225.196.75, ping: False
host: 200.225.196.76, ping: False
host: 200.225.196.77, ping: True
host: 200.225.196.78, ping: True
host: 200.225.196.79, ping: False
host: 200.225.196.80, ping: False
host: 200.225.196.81, ping: False
host: 200.225.196.82, ping: False
host: 200.225.196.83, ping: False
host: 200.225.196.84, ping: False
host: 200.225.196.85, ping: False
host: 200.225.196.86, ping: False
host: 200.225.196.87, ping: False
host: 200.225.196.88, ping: True
host: 200.225.196.89, ping: True
host: 200.225.196.90, ping: False
host: 200.225.196.91, ping: False
host: 200.225.196.92, ping: False
host: 200.225.196.93, ping: True
host: 200.225.196.94, ping: False
host: 200.225.196.95, ping: False
host: 200.225.196.96, ping: True
host: 200.225.196.97, ping: False
host: 200.225.196.98, ping: True
host: 200.225.196.99, ping: True
host: 200.225.196.100, ping: False
host: 200.225.196.101, ping: False
host: 200.225.196.102, ping: True
host: 200.225.196.103, ping: True
host: 200.225.196.104, ping: True
host: 200.225.196.105, ping: False
host: 200.225.196.106, ping: True
host: 200.225.196.107, ping: True
host: 200.225.196.108, ping: False
host: 200.225.196.109, ping: False
host: 200.225.196.110, ping: False
host: 200.225.196.111, ping: False
host: 200.225.196.112, ping: False
host: 200.225.196.113, ping: False
host: 200.225.196.114, ping: False
host: 200.225.196.115, ping: False
host: 200.225.196.116, ping: False
host: 200.225.196.117, ping: False
host: 200.225.196.118, ping: False
host: 200.225.196.119, ping: False
host: 200.225.196.120, ping: False
host: 200.225.196.121, ping: False
host: 200.225.196.122, ping: False
host: 200.225.196.123, ping: True
host: 200.225.196.124, ping: False
host: 200.225.196.125, ping: True
host: 200.225.196.126, ping: False
host: 200.225.196.127, ping: False
host: 200.225.196.128, ping: False
host: 200.225.196.129, ping: False
host: 200.225.196.130, ping: False
host: 200.225.196.131, ping: False
host: 200.225.196.132, ping: False
host: 200.225.196.133, ping: False
host: 200.225.196.134, ping: True
host: 200.225.196.135, ping: False
host: 200.225.196.136, ping: True
host: 200.225.196.137, ping: True
host: 200.225.196.138, ping: True
host: 200.225.196.139, ping: True
host: 200.225.196.140, ping: True
host: 200.225.196.141, ping: False
host: 200.225.196.142, ping: False
host: 200.225.196.143, ping: False
host: 200.225.196.144, ping: False
host: 200.225.196.145, ping: False
host: 200.225.196.146, ping: False
host: 200.225.196.147, ping: False
host: 200.225.196.148, ping: False
host: 200.225.196.149, ping: False
host: 200.225.196.150, ping: True
host: 200.225.196.151, ping: False
host: 200.225.196.152, ping: False
host: 200.225.196.153, ping: False
host: 200.225.196.154, ping: False
host: 200.225.196.155, ping: False
host: 200.225.196.156, ping: False
host: 200.225.196.157, ping: False
host: 200.225.196.158, ping: False
host: 200.225.196.159, ping: True
host: 200.225.196.160, ping: True
host: 200.225.196.161, ping: False
host: 200.225.196.162, ping: True
host: 200.225.196.163, ping: True
host: 200.225.196.164, ping: True
host: 200.225.196.165, ping: False
host: 200.225.196.166, ping: False
host: 200.225.196.167, ping: False
host: 200.225.196.168, ping: True
host: 200.225.196.169, ping: True
host: 200.225.196.170, ping: True
host: 200.225.196.171, ping: False
host: 200.225.196.172, ping: True
host: 200.225.196.173, ping: False
host: 200.225.196.174, ping: True
host: 200.225.196.175, ping: True
host: 200.225.196.176, ping: False
host: 200.225.196.177, ping: True
host: 200.225.196.178, ping: True
host: 200.225.196.179, ping: True
host: 200.225.196.180, ping: False
host: 200.225.196.181, ping: True
host: 200.225.196.182, ping: True
host: 200.225.196.183, ping: False
host: 200.225.196.184, ping: False
host: 200.225.196.185, ping: False
host: 200.225.196.186, ping: True
host: 200.225.196.187, ping: True
host: 200.225.196.188, ping: False
host: 200.225.196.189, ping: False
host: 200.225.196.190, ping: True
host: 200.225.196.191, ping: True
host: 200.225.196.192, ping: False
host: 200.225.196.193, ping: False
host: 200.225.196.194, ping: False
host: 200.225.196.195, ping: False
host: 200.225.196.196, ping: False
host: 200.225.196.197, ping: True
host: 200.225.196.198, ping: True
host: 200.225.196.199, ping: False
host: 200.225.196.200, ping: True
host: 200.225.196.201, ping: True
host: 200.225.196.202, ping: False
host: 200.225.196.203, ping: True
host: 200.225.196.204, ping: True
host: 200.225.196.205, ping: False
host: 200.225.196.206, ping: False
host: 200.225.196.207, ping: False
host: 200.225.196.208, ping: False
host: 200.225.196.209, ping: False
host: 200.225.196.210, ping: False
host: 200.225.196.211, ping: True
host: 200.225.196.212, ping: False
host: 200.225.196.213, ping: True
host: 200.225.196.214, ping: True
host: 200.225.196.215, ping: True
host: 200.225.196.216, ping: True
host: 200.225.196.217, ping: True
host: 200.225.196.218, ping: False
host: 200.225.196.219, ping: True
host: 200.225.196.220, ping: False
host: 200.225.196.221, ping: True
host: 200.225.196.222, ping: True
host: 200.225.196.223, ping: False
host: 200.225.196.224, ping: True
host: 200.225.196.225, ping: False
host: 200.225.196.226, ping: True
host: 200.225.196.227, ping: False
host: 200.225.196.228, ping: False
host: 200.225.196.229, ping: True
host: 200.225.196.230, ping: True
host: 200.225.196.231, ping: False
host: 200.225.196.232, ping: False
host: 200.225.196.233, ping: True
host: 200.225.196.234, ping: False
host: 200.225.196.235, ping: False
host: 200.225.196.236, ping: False
host: 200.225.196.237, ping: True
host: 200.225.196.238, ping: True
host: 200.225.196.239, ping: False
host: 200.225.196.240, ping: False
host: 200.225.196.241, ping: True
host: 200.225.196.242, ping: True
host: 200.225.196.243, ping: False
host: 200.225.196.244, ping: True
host: 200.225.196.245, ping: False
host: 200.225.196.246, ping: True
host: 200.225.196.247, ping: True
host: 200.225.196.248, ping: True
host: 200.225.196.249, ping: False
host: 200.225.196.250, ping: True
host: 200.225.196.251, ping: True
host: 200.225.196.252, ping: True
host: 200.225.196.253, ping: True
host: 200.225.196.254, ping: False
host: 200.225.196.255, ping: True
host: 200.225.199.0, ping: False
host: 200.225.199.1, ping: False
host: 200.225.199.2, ping: False
host: 200.225.199.3, ping: False
host: 200.225.199.4, ping: False
host: 200.225.199.5, ping: True
host: 200.225.199.6, ping: True
host: 200.225.199.7, ping: False
host: 200.225.199.8, ping: False
host: 200.225.199.9, ping: True
host: 200.225.199.10, ping: True
host: 200.225.199.11, ping: False
host: 200.225.199.12, ping: False
host: 200.225.199.13, ping: True
host: 200.225.199.14, ping: True
host: 200.225.199.15, ping: False
host: 200.225.199.16, ping: False
host: 200.225.199.17, ping: True
host: 200.225.199.18, ping: True
host: 200.225.199.19, ping: False
host: 200.225.199.20, ping: False
host: 200.225.199.21, ping: True
host: 200.225.199.22, ping: True
host: 200.225.199.23, ping: False
host: 200.225.199.24, ping: False
host: 200.225.199.25, ping: False
host: 200.225.199.26, ping: False
host: 200.225.199.27, ping: False
host: 200.225.199.28, ping: False
host: 200.225.199.29, ping: False
host: 200.225.199.30, ping: True
host: 200.225.199.31, ping: False
host: 200.225.199.32, ping: False
host: 200.225.199.33, ping: False
host: 200.225.199.34, ping: False
host: 200.225.199.35, ping: False
host: 200.225.199.36, ping: False
host: 200.225.199.37, ping: False
host: 200.225.199.38, ping: False
host: 200.225.199.39, ping: False
host: 200.225.199.40, ping: False
host: 200.225.199.41, ping: False
host: 200.225.199.42, ping: False
host: 200.225.199.43, ping: False
host: 200.225.199.44, ping: False
host: 200.225.199.45, ping: False
host: 200.225.199.46, ping: False
host: 200.225.199.47, ping: False
host: 200.225.199.48, ping: False
host: 200.225.199.49, ping: False
host: 200.225.199.50, ping: False
host: 200.225.199.51, ping: False
host: 200.225.199.52, ping: False
host: 200.225.199.53, ping: False
host: 200.225.199.54, ping: False
host: 200.225.199.55, ping: False
host: 200.225.199.56, ping: False
host: 200.225.199.57, ping: False
host: 200.225.199.58, ping: False
host: 200.225.199.59, ping: False
host: 200.225.199.60, ping: False
host: 200.225.199.61, ping: False
host: 200.225.199.62, ping: False
host: 200.225.199.63, ping: False
host: 200.225.199.64, ping: False
host: 200.225.199.65, ping: False
host: 200.225.199.66, ping: False
host: 200.225.199.67, ping: False
host: 200.225.199.68, ping: False
host: 200.225.199.69, ping: False
host: 200.225.199.70, ping: False
host: 200.225.199.71, ping: False
host: 200.225.199.72, ping: False
host: 200.225.199.73, ping: True
host: 200.225.199.74, ping: True
host: 200.225.199.75, ping: False
host: 200.225.199.76, ping: False
host: 200.225.199.77, ping: True
host: 200.225.199.78, ping: True
host: 200.225.199.79, ping: False
host: 200.225.199.80, ping: False
host: 200.225.199.81, ping: False
host: 200.225.199.82, ping: False
host: 200.225.199.83, ping: False
host: 200.225.199.84, ping: False
host: 200.225.199.85, ping: False
host: 200.225.199.86, ping: False
host: 200.225.199.87, ping: False
host: 200.225.199.88, ping: False
host: 200.225.199.89, ping: False
host: 200.225.199.90, ping: False
host: 200.225.199.91, ping: False
host: 200.225.199.92, ping: False
host: 200.225.199.93, ping: False
host: 200.225.199.94, ping: False
host: 200.225.199.95, ping: False
host: 200.225.199.96, ping: False
host: 200.225.199.97, ping: False
host: 200.225.199.98, ping: False
host: 200.225.199.99, ping: False
host: 200.225.199.100, ping: False
host: 200.225.199.101, ping: False
host: 200.225.199.102, ping: False
host: 200.225.199.103, ping: False
host: 200.225.199.104, ping: False
host: 200.225.199.105, ping: False
host: 200.225.199.106, ping: False
host: 200.225.199.107, ping: False
host: 200.225.199.108, ping: False
host: 200.225.199.109, ping: True
host: 200.225.199.110, ping: True
host: 200.225.199.111, ping: False
host: 200.225.199.112, ping: False
host: 200.225.199.113, ping: False
host: 200.225.199.114, ping: False
host: 200.225.199.115, ping: False
host: 200.225.199.116, ping: False
host: 200.225.199.117, ping: False
host: 200.225.199.118, ping: False
host: 200.225.199.119, ping: False
host: 200.225.199.120, ping: False
host: 200.225.199.121, ping: False
host: 200.225.199.122, ping: False
host: 200.225.199.123, ping: False
host: 200.225.199.124, ping: False
host: 200.225.199.125, ping: False
host: 200.225.199.126, ping: False
host: 200.225.199.127, ping: False
host: 200.225.199.128, ping: False
host: 200.225.199.129, ping: True
host: 200.225.199.130, ping: True
host: 200.225.199.131, ping: False
host: 200.225.199.132, ping: False
host: 200.225.199.133, ping: False
host: 200.225.199.134, ping: False
host: 200.225.199.135, ping: False
host: 200.225.199.136, ping: False
host: 200.225.199.137, ping: False
host: 200.225.199.138, ping: False
host: 200.225.199.139, ping: False
host: 200.225.199.140, ping: False
host: 200.225.199.141, ping: False
host: 200.225.199.142, ping: False
host: 200.225.199.143, ping: False
host: 200.225.199.144, ping: False
host: 200.225.199.145, ping: False
host: 200.225.199.146, ping: False
host: 200.225.199.147, ping: False
host: 200.225.199.148, ping: False
host: 200.225.199.149, ping: False
host: 200.225.199.150, ping: False
host: 200.225.199.151, ping: False
host: 200.225.199.152, ping: False
host: 200.225.199.153, ping: False
host: 200.225.199.154, ping: False
host: 200.225.199.155, ping: False
host: 200.225.199.156, ping: False
host: 200.225.199.157, ping: False
host: 200.225.199.158, ping: False
host: 200.225.199.159, ping: False
host: 200.225.199.160, ping: False
host: 200.225.199.161, ping: True
host: 200.225.199.162, ping: True
host: 200.225.199.163, ping: False
host: 200.225.199.164, ping: False
host: 200.225.199.165, ping: True
host: 200.225.199.166, ping: True
host: 200.225.199.167, ping: False
host: 200.225.199.168, ping: False
host: 200.225.199.169, ping: True
host: 200.225.199.170, ping: True
host: 200.225.199.171, ping: True
host: 200.225.199.172, ping: False
host: 200.225.199.173, ping: True
host: 200.225.199.174, ping: True
host: 200.225.199.175, ping: False
host: 200.225.199.176, ping: False
host: 200.225.199.177, ping: True
host: 200.225.199.178, ping: False
host: 200.225.199.179, ping: False
host: 200.225.199.180, ping: False
host: 200.225.199.181, ping: False
host: 200.225.199.182, ping: False
host: 200.225.199.183, ping: False
host: 200.225.199.184, ping: False
host: 200.225.199.185, ping: False
host: 200.225.199.186, ping: False
host: 200.225.199.187, ping: False
host: 200.225.199.188, ping: False
host: 200.225.199.189, ping: False
host: 200.225.199.190, ping: False
host: 200.225.199.191, ping: True
host: 200.225.199.192, ping: False
host: 200.225.199.193, ping: False
host: 200.225.199.194, ping: False
host: 200.225.199.195, ping: False
host: 200.225.199.196, ping: False
host: 200.225.199.197, ping: False
host: 200.225.199.198, ping: False
host: 200.225.199.199, ping: False
host: 200.225.199.200, ping: False
host: 200.225.199.201, ping: False
host: 200.225.199.202, ping: False
host: 200.225.199.203, ping: False
host: 200.225.199.204, ping: False
host: 200.225.199.205, ping: True
host: 200.225.199.206, ping: True
host: 200.225.199.207, ping: False
host: 200.225.199.208, ping: False
host: 200.225.199.209, ping: False
host: 200.225.199.210, ping: False
host: 200.225.199.211, ping: True
host: 200.225.199.212, ping: False
host: 200.225.199.213, ping: False
host: 200.225.199.214, ping: False
host: 200.225.199.215, ping: True
host: 200.225.199.216, ping: True
host: 200.225.199.217, ping: True
host: 200.225.199.218, ping: False
host: 200.225.199.219, ping: False
host: 200.225.199.220, ping: False
host: 200.225.199.221, ping: False
host: 200.225.199.222, ping: False
host: 200.225.199.223, ping: False
host: 200.225.199.224, ping: False
host: 200.225.199.225, ping: True
host: 200.225.199.226, ping: False
host: 200.225.199.227, ping: False
host: 200.225.199.228, ping: False
host: 200.225.199.229, ping: True
host: 200.225.199.230, ping: False
host: 200.225.199.231, ping: False
host: 200.225.199.232, ping: False
host: 200.225.199.233, ping: False
host: 200.225.199.234, ping: False
host: 200.225.199.235, ping: False
host: 200.225.199.236, ping: False
host: 200.225.199.237, ping: True
host: 200.225.199.238, ping: True
host: 200.225.199.239, ping: False
host: 200.225.199.240, ping: False
host: 200.225.199.241, ping: False
host: 200.225.199.242, ping: True
host: 200.225.199.243, ping: False
host: 200.225.199.244, ping: False
host: 200.225.199.245, ping: True
host: 200.225.199.246, ping: True
host: 200.225.199.247, ping: False
host: 200.225.199.248, ping: False
host: 200.225.199.249, ping: False
host: 200.225.199.250, ping: False
host: 200.225.199.251, ping: False
host: 200.225.199.252, ping: True
host: 200.225.199.253, ping: True
host: 200.225.199.254, ping: True
host: 200.225.199.255, ping: False
host: 200.225.200.0, ping: False
host: 200.225.200.1, ping: True
host: 200.225.200.2, ping: False
host: 200.225.200.3, ping: False
host: 200.225.200.4, ping: False
host: 200.225.200.5, ping: False
host: 200.225.200.6, ping: True
host: 200.225.200.7, ping: False
host: 200.225.200.8, ping: False
host: 200.225.200.9, ping: True
host: 200.225.200.10, ping: True
host: 200.225.200.11, ping: False
host: 200.225.200.12, ping: False
host: 200.225.200.13, ping: False
host: 200.225.200.14, ping: True
host: 200.225.200.15, ping: False
host: 200.225.200.16, ping: False
host: 200.225.200.17, ping: False
host: 200.225.200.18, ping: False
host: 200.225.200.19, ping: False
host: 200.225.200.20, ping: False
host: 200.225.200.21, ping: False
host: 200.225.200.22, ping: True
host: 200.225.200.23, ping: False
host: 200.225.200.24, ping: False
host: 200.225.200.25, ping: True
host: 200.225.200.26, ping: False
host: 200.225.200.27, ping: False
host: 200.225.200.28, ping: False
host: 200.225.200.29, ping: False
host: 200.225.200.30, ping: False
host: 200.225.200.31, ping: False
host: 200.225.200.32, ping: False
host: 200.225.200.33, ping: False
host: 200.225.200.34, ping: False
host: 200.225.200.35, ping: False
host: 200.225.200.36, ping: False
host: 200.225.200.37, ping: False
host: 200.225.200.38, ping: False
host: 200.225.200.39, ping: False
host: 200.225.200.40, ping: False
host: 200.225.200.41, ping: False
host: 200.225.200.42, ping: False
host: 200.225.200.43, ping: False
host: 200.225.200.44, ping: False
host: 200.225.200.45, ping: False
host: 200.225.200.46, ping: False
host: 200.225.200.47, ping: False
host: 200.225.200.48, ping: False
host: 200.225.200.49, ping: False
host: 200.225.200.50, ping: False
host: 200.225.200.51, ping: False
host: 200.225.200.52, ping: False
host: 200.225.200.53, ping: False
host: 200.225.200.54, ping: False
host: 200.225.200.55, ping: False
host: 200.225.200.56, ping: False
host: 200.225.200.57, ping: False
host: 200.225.200.58, ping: False
host: 200.225.200.59, ping: False
host: 200.225.200.60, ping: False
host: 200.225.200.61, ping: False
host: 200.225.200.62, ping: True
host: 200.225.200.63, ping: False
host: 200.225.200.64, ping: False
host: 200.225.200.65, ping: False
host: 200.225.200.66, ping: True
host: 200.225.200.67, ping: False
host: 200.225.200.68, ping: False
host: 200.225.200.69, ping: True
host: 200.225.200.70, ping: True
host: 200.225.200.71, ping: False
host: 200.225.200.72, ping: False
host: 200.225.200.73, ping: True
host: 200.225.200.74, ping: True
host: 200.225.200.75, ping: False
host: 200.225.200.76, ping: False
host: 200.225.200.77, ping: False
host: 200.225.200.78, ping: False
host: 200.225.200.79, ping: False
host: 200.225.200.80, ping: False
host: 200.225.200.81, ping: True
host: 200.225.200.82, ping: True
host: 200.225.200.83, ping: False
host: 200.225.200.84, ping: False
host: 200.225.200.85, ping: True
host: 200.225.200.86, ping: True
host: 200.225.200.87, ping: False
host: 200.225.200.88, ping: False
host: 200.225.200.89, ping: False
host: 200.225.200.90, ping: True
host: 200.225.200.91, ping: False
host: 200.225.200.92, ping: False
host: 200.225.200.93, ping: True
host: 200.225.200.94, ping: True
host: 200.225.200.95, ping: False
host: 200.225.200.96, ping: False
host: 200.225.200.97, ping: False
host: 200.225.200.98, ping: False
host: 200.225.200.99, ping: False
host: 200.225.200.100, ping: False
host: 200.225.200.101, ping: True
host: 200.225.200.102, ping: True
host: 200.225.200.103, ping: True
host: 200.225.200.104, ping: True
host: 200.225.200.105, ping: True
host: 200.225.200.106, ping: True
host: 200.225.200.107, ping: True
host: 200.225.200.108, ping: True
host: 200.225.200.109, ping: True
host: 200.225.200.110, ping: True
host: 200.225.200.111, ping: True
host: 200.225.200.112, ping: True
host: 200.225.200.113, ping: True
host: 200.225.200.114, ping: True
host: 200.225.200.115, ping: True
host: 200.225.200.116, ping: True
host: 200.225.200.117, ping: True
host: 200.225.200.118, ping: False
host: 200.225.200.119, ping: False
host: 200.225.200.120, ping: True
host: 200.225.200.121, ping: False
host: 200.225.200.122, ping: False
host: 200.225.200.123, ping: False
host: 200.225.200.124, ping: False
host: 200.225.200.125, ping: False
host: 200.225.200.126, ping: False
host: 200.225.200.127, ping: False
host: 200.225.200.128, ping: False
host: 200.225.200.129, ping: True
host: 200.225.200.130, ping: False
host: 200.225.200.131, ping: False
host: 200.225.200.132, ping: False
host: 200.225.200.133, ping: False
host: 200.225.200.134, ping: False
host: 200.225.200.135, ping: False
host: 200.225.200.136, ping: False
host: 200.225.200.137, ping: False
host: 200.225.200.138, ping: False
host: 200.225.200.139, ping: False
host: 200.225.200.140, ping: False
host: 200.225.200.141, ping: False
host: 200.225.200.142, ping: False
host: 200.225.200.143, ping: False
host: 200.225.200.144, ping: False
host: 200.225.200.145, ping: False
host: 200.225.200.146, ping: False
host: 200.225.200.147, ping: False
host: 200.225.200.148, ping: False
host: 200.225.200.149, ping: False
host: 200.225.200.150, ping: False
host: 200.225.200.151, ping: False
host: 200.225.200.152, ping: False
host: 200.225.200.153, ping: False
host: 200.225.200.154, ping: False
host: 200.225.200.155, ping: False
host: 200.225.200.156, ping: False
host: 200.225.200.157, ping: False
host: 200.225.200.158, ping: False
host: 200.225.200.159, ping: False
host: 200.225.200.160, ping: False
host: 200.225.200.161, ping: False
host: 200.225.200.162, ping: False
host: 200.225.200.163, ping: False
host: 200.225.200.164, ping: False
host: 200.225.200.165, ping: False
host: 200.225.200.166, ping: False
host: 200.225.200.167, ping: False
host: 200.225.200.168, ping: False
host: 200.225.200.169, ping: False
host: 200.225.200.170, ping: False
host: 200.225.200.171, ping: False
host: 200.225.200.172, ping: False
host: 200.225.200.173, ping: False
host: 200.225.200.174, ping: False
host: 200.225.200.175, ping: False
host: 200.225.200.176, ping: False
host: 200.225.200.177, ping: False
host: 200.225.200.178, ping: False
host: 200.225.200.179, ping: False
host: 200.225.200.180, ping: False
host: 200.225.200.181, ping: False
host: 200.225.200.182, ping: False
host: 200.225.200.183, ping: False
host: 200.225.200.184, ping: False
host: 200.225.200.185, ping: False
host: 200.225.200.186, ping: False
host: 200.225.200.187, ping: False
host: 200.225.200.188, ping: False
host: 200.225.200.189, ping: False
host: 200.225.200.190, ping: False
host: 200.225.200.191, ping: False
host: 200.225.200.192, ping: False
host: 200.225.200.193, ping: False
host: 200.225.200.194, ping: False
host: 200.225.200.195, ping: False
host: 200.225.200.196, ping: False
host: 200.225.200.197, ping: False
host: 200.225.200.198, ping: False
host: 200.225.200.199, ping: False
host: 200.225.200.200, ping: False
host: 200.225.200.201, ping: False
host: 200.225.200.202, ping: False
host: 200.225.200.203, ping: False
host: 200.225.200.204, ping: False
host: 200.225.200.205, ping: False
host: 200.225.200.206, ping: False
host: 200.225.200.207, ping: False
host: 200.225.200.208, ping: False
host: 200.225.200.209, ping: False
host: 200.225.200.210, ping: False
host: 200.225.200.211, ping: False
host: 200.225.200.212, ping: False
host: 200.225.200.213, ping: False
host: 200.225.200.214, ping: False
host: 200.225.200.215, ping: False
host: 200.225.200.216, ping: False
host: 200.225.200.217, ping: False
host: 200.225.200.218, ping: False
host: 200.225.200.219, ping: False
host: 200.225.200.220, ping: False
host: 200.225.200.221, ping: False
host: 200.225.200.222, ping: False
host: 200.225.200.223, ping: False
host: 200.225.200.224, ping: False
host: 200.225.200.225, ping: False
host: 200.225.200.226, ping: False
host: 200.225.200.227, ping: False
host: 200.225.200.228, ping: False
host: 200.225.200.229, ping: False
host: 200.225.200.230, ping: False
host: 200.225.200.231, ping: False
host: 200.225.200.232, ping: False
host: 200.225.200.233, ping: False
host: 200.225.200.234, ping: False
host: 200.225.200.235, ping: False
host: 200.225.200.236, ping: False
host: 200.225.200.237, ping: False
host: 200.225.200.238, ping: False
host: 200.225.200.239, ping: False
host: 200.225.200.240, ping: False
host: 200.225.200.241, ping: False
host: 200.225.200.242, ping: False
host: 200.225.200.243, ping: False
host: 200.225.200.244, ping: False
host: 200.225.200.245, ping: False
host: 200.225.200.246, ping: False
host: 200.225.200.247, ping: False
host: 200.225.200.248, ping: False
host: 200.225.200.249, ping: False
host: 200.225.200.250, ping: False
host: 200.225.200.251, ping: False
host: 200.225.200.252, ping: False
host: 200.225.200.253, ping: False
host: 200.225.200.254, ping: True
host: 200.225.200.255, ping: False
host: 200.225.254.0, ping: False
host: 200.225.254.1, ping: True
host: 200.225.254.2, ping: True
host: 200.225.254.3, ping: True
host: 200.225.254.4, ping: True
host: 200.225.254.5, ping: True
host: 200.225.254.6, ping: True
host: 200.225.254.7, ping: True
host: 200.225.254.8, ping: False
host: 200.225.254.9, ping: False
host: 200.225.254.10, ping: False
host: 200.225.254.11, ping: False
host: 200.225.254.12, ping: False
host: 200.225.254.13, ping: True
host: 200.225.254.14, ping: False
host: 200.225.254.15, ping: False
host: 200.225.254.16, ping: True
host: 200.225.254.17, ping: False
host: 200.225.254.18, ping: False
host: 200.225.254.19, ping: False
host: 200.225.254.20, ping: False
host: 200.225.254.21, ping: True
host: 200.225.254.22, ping: True
host: 200.225.254.23, ping: True
host: 200.225.254.24, ping: True
host: 200.225.254.25, ping: True
host: 200.225.254.26, ping: True
host: 200.225.254.27, ping: False
host: 200.225.254.28, ping: False
host: 200.225.254.29, ping: False
host: 200.225.254.30, ping: False
host: 200.225.254.31, ping: False
host: 200.225.254.32, ping: False
host: 200.225.254.33, ping: False
host: 200.225.254.34, ping: False
host: 200.225.254.35, ping: False
host: 200.225.254.36, ping: False
host: 200.225.254.37, ping: False
host: 200.225.254.38, ping: False
host: 200.225.254.39, ping: True
host: 200.225.254.40, ping: True
host: 200.225.254.41, ping: True
host: 200.225.254.42, ping: True
host: 200.225.254.43, ping: True
host: 200.225.254.44, ping: True
host: 200.225.254.45, ping: True
host: 200.225.254.46, ping: True
host: 200.225.254.47, ping: True
host: 200.225.254.48, ping: True
host: 200.225.254.49, ping: True
host: 200.225.254.50, ping: True
host: 200.225.254.51, ping: False
host: 200.225.254.52, ping: False
host: 200.225.254.53, ping: True
host: 200.225.254.54, ping: True
host: 200.225.254.55, ping: True
host: 200.225.254.56, ping: True
host: 200.225.254.57, ping: True
host: 200.225.254.58, ping: True
host: 200.225.254.59, ping: True
host: 200.225.254.60, ping: True
host: 200.225.254.61, ping: True
host: 200.225.254.62, ping: False
host: 200.225.254.63, ping: True
host: 200.225.254.64, ping: True
host: 200.225.254.65, ping: False
host: 200.225.254.66, ping: False
host: 200.225.254.67, ping: False
host: 200.225.254.68, ping: False
host: 200.225.254.69, ping: False
host: 200.225.254.70, ping: True
host: 200.225.254.71, ping: True
host: 200.225.254.72, ping: True
host: 200.225.254.73, ping: True
host: 200.225.254.74, ping: True
host: 200.225.254.75, ping: True
host: 200.225.254.76, ping: True
host: 200.225.254.77, ping: True
host: 200.225.254.78, ping: True
host: 200.225.254.79, ping: True
host: 200.225.254.80, ping: True
host: 200.225.254.81, ping: True
host: 200.225.254.82, ping: True
host: 200.225.254.83, ping: True
host: 200.225.254.84, ping: True
host: 200.225.254.85, ping: True
host: 200.225.254.86, ping: True
host: 200.225.254.87, ping: True
host: 200.225.254.88, ping: True
host: 200.225.254.89, ping: True
host: 200.225.254.90, ping: True
host: 200.225.254.91, ping: True
host: 200.225.254.92, ping: True
host: 200.225.254.93, ping: True
host: 200.225.254.94, ping: True
host: 200.225.254.95, ping: False
host: 200.225.254.96, ping: True
host: 200.225.254.97, ping: True
host: 200.225.254.98, ping: True
host: 200.225.254.99, ping: True
host: 200.225.254.100, ping: True
host: 200.225.254.101, ping: False
host: 200.225.254.102, ping: True
host: 200.225.254.103, ping: True
host: 200.225.254.104, ping: True
host: 200.225.254.105, ping: True
host: 200.225.254.106, ping: True
host: 200.225.254.107, ping: True
host: 200.225.254.108, ping: True
host: 200.225.254.109, ping: True
host: 200.225.254.110, ping: True
host: 200.225.254.111, ping: True
host: 200.225.254.112, ping: True
host: 200.225.254.113, ping: True
host: 200.225.254.114, ping: True
host: 200.225.254.115, ping: True
host: 200.225.254.116, ping: True
host: 200.225.254.117, ping: True
host: 200.225.254.118, ping: True
host: 200.225.254.119, ping: True
host: 200.225.254.120, ping: True
host: 200.225.254.121, ping: True
host: 200.225.254.122, ping: True
host: 200.225.254.123, ping: True
host: 200.225.254.124, ping: True
host: 200.225.254.125, ping: True
host: 200.225.254.126, ping: True
host: 200.225.254.127, ping: True
host: 200.225.254.128, ping: True
host: 200.225.254.129, ping: True
host: 200.225.254.130, ping: True
host: 200.225.254.131, ping: True
host: 200.225.254.132, ping: True
host: 200.225.254.133, ping: True
host: 200.225.254.134, ping: True
host: 200.225.254.135, ping: True
host: 200.225.254.136, ping: False
host: 200.225.254.137, ping: False
host: 200.225.254.138, ping: True
host: 200.225.254.139, ping: True
host: 200.225.254.140, ping: True
host: 200.225.254.141, ping: False
host: 200.225.254.142, ping: False
host: 200.225.254.143, ping: False
host: 200.225.254.144, ping: True
host: 200.225.254.145, ping: True
host: 200.225.254.146, ping: True
host: 200.225.254.147, ping: True
host: 200.225.254.148, ping: True
host: 200.225.254.149, ping: False
host: 200.225.254.150, ping: True
host: 200.225.254.151, ping: True
host: 200.225.254.152, ping: True
host: 200.225.254.153, ping: True
host: 200.225.254.154, ping: True
host: 200.225.254.155, ping: False
host: 200.225.254.156, ping: False
host: 200.225.254.157, ping: False
host: 200.225.254.158, ping: False
host: 200.225.254.159, ping: False
host: 200.225.254.160, ping: True
host: 200.225.254.161, ping: True
host: 200.225.254.162, ping: True
host: 200.225.254.163, ping: True
host: 200.225.254.164, ping: True
host: 200.225.254.165, ping: True
host: 200.225.254.166, ping: True
host: 200.225.254.167, ping: True
host: 200.225.254.168, ping: True
host: 200.225.254.169, ping: True
host: 200.225.254.170, ping: True
host: 200.225.254.171, ping: True
host: 200.225.254.172, ping: True
host: 200.225.254.173, ping: True
host: 200.225.254.174, ping: True
host: 200.225.254.175, ping: True
host: 200.225.254.176, ping: True
host: 200.225.254.177, ping: True
host: 200.225.254.178, ping: True
host: 200.225.254.179, ping: True
host: 200.225.254.180, ping: True
host: 200.225.254.181, ping: True
host: 200.225.254.182, ping: True
host: 200.225.254.183, ping: True
host: 200.225.254.184, ping: True
host: 200.225.254.185, ping: True
host: 200.225.254.186, ping: False
host: 200.225.254.187, ping: True
host: 200.225.254.188, ping: True
host: 200.225.254.189, ping: True
host: 200.225.254.190, ping: True
host: 200.225.254.191, ping: True
host: 200.225.254.192, ping: True
host: 200.225.254.193, ping: False
host: 200.225.254.194, ping: True
host: 200.225.254.195, ping: True
host: 200.225.254.196, ping: True
host: 200.225.254.197, ping: False
host: 200.225.254.198, ping: False
host: 200.225.254.199, ping: False
host: 200.225.254.200, ping: True
host: 200.225.254.201, ping: True
host: 200.225.254.202, ping: True
host: 200.225.254.203, ping: False
host: 200.225.254.204, ping: False
host: 200.225.254.205, ping: False
host: 200.225.254.206, ping: False
host: 200.225.254.207, ping: False
host: 200.225.254.208, ping: False
host: 200.225.254.209, ping: False
host: 200.225.254.210, ping: False
host: 200.225.254.211, ping: False
host: 200.225.254.212, ping: False
host: 200.225.254.213, ping: False
host: 200.225.254.214, ping: False
host: 200.225.254.215, ping: False
host: 200.225.254.216, ping: False
host: 200.225.254.217, ping: False
host: 200.225.254.218, ping: False
host: 200.225.254.219, ping: False
host: 200.225.254.220, ping: False
host: 200.225.254.221, ping: False
host: 200.225.254.222, ping: False
host: 200.225.254.223, ping: False
host: 200.225.254.224, ping: False
host: 200.225.254.225, ping: False
host: 200.225.254.226, ping: False
host: 200.225.254.227, ping: False
host: 200.225.254.228, ping: False
host: 200.225.254.229, ping: False
host: 200.225.254.230, ping: False
host: 200.225.254.231, ping: False
host: 200.225.254.232, ping: False
host: 200.225.254.233, ping: False
host: 200.225.254.234, ping: False
host: 200.225.254.235, ping: False
host: 200.225.254.236, ping: False
host: 200.225.254.237, ping: False
host: 200.225.254.238, ping: False
host: 200.225.254.239, ping: False
host: 200.225.254.240, ping: True
host: 200.225.254.241, ping: False
host: 200.225.254.242, ping: False
host: 200.225.254.243, ping: False
host: 200.225.254.244, ping: False
host: 200.225.254.245, ping: False
host: 200.225.254.246, ping: False
host: 200.225.254.247, ping: False
host: 200.225.254.248, ping: False
host: 200.225.254.249, ping: False
host: 200.225.254.250, ping: True
host: 200.225.254.251, ping: True
host: 200.225.254.252, ping: True
host: 200.225.254.253, ping: True
host: 200.225.254.254, ping: True
host: 200.225.254.255, ping: False
[Errno None] Unable to connect to port 22 on 200.225.196.62
[Errno None] Unable to connect to port 22 on 200.225.196.49
[Errno None] Unable to connect to port 22 on 200.225.196.160
[Errno None] Unable to connect to port 22 on 200.225.196.134
[Errno None] Unable to connect to port 22 on 200.225.196.21
[Errno None] Unable to connect to port 22 on 200.225.196.138
[Errno None] Unable to connect to port 22 on 200.225.196.186
[Errno None] Unable to connect to port 22 on 200.225.196.181
[Errno None] Unable to connect to port 22 on 200.225.196.182
[Errno None] Unable to connect to port 22 on 200.225.196.237
[Errno None] Unable to connect to port 22 on 200.225.196.200
[Errno None] Unable to connect to port 22 on 200.225.196.224
[Errno None] Unable to connect to port 22 on 200.225.196.49
[Errno None] Unable to connect to port 22 on 200.225.196.62
[Errno None] Unable to connect to port 22 on 200.225.196.77
[Errno None] Unable to connect to port 22 on 200.225.196.160
[Errno None] Unable to connect to port 22 on 200.225.196.221

Exception: Error reading SSH protocol banner[Errno 104] Connection reset by peer
[Errno None] Unable to connect to port 22 on 200.225.196.138
[Errno None] Unable to connect to port 22 on 200.225.196.241
[Errno None] Unable to connect to port 22 on 200.225.196.237
[Errno None] Unable to connect to port 22 on 200.225.196.21
[Errno None] Unable to connect to port 22 on 200.225.196.186
[Errno None] Unable to connect to port 22 on 200.225.196.224
[Errno None] Unable to connect to port 22 on 200.225.196.134
[Errno None] Unable to connect to port 22 on 200.225.196.253
[Errno None] Unable to connect to port 22 on 200.225.196.182
[Errno None] Unable to connect to port 22 on 200.225.196.181
[Errno None] Unable to connect to port 22 on 200.225.196.200
Exception: Error reading SSH protocol banner[Errno 104] Connection reset by peer
[Errno None] Unable to connect to port 22 on 200.225.196.77
Exception: Error reading SSH protocol banner[Errno 104] Connection reset by peer
[Errno None] Unable to connect to port 22 on 200.225.196.221
[Errno None] Unable to connect to port 22 on 200.225.199.9
[Errno None] Unable to connect to port 22 on 200.225.196.241
[Errno None] Unable to connect to port 22 on 200.225.199.14
[Errno None] Unable to connect to port 22 on 200.225.199.5
[Errno None] Unable to connect to port 22 on 200.225.196.253
[Errno None] Unable to connect to port 22 on 200.225.199.13
Exception: Error reading SSH protocol banner[Errno 104] Connection reset by peer
[Errno None] Unable to connect to port 22 on 200.225.199.14
[Errno None] Unable to connect to port 22 on 200.225.199.9
[Errno None] Unable to connect to port 22 on 200.225.199.21
[Errno None] Unable to connect to port 22 on 200.225.199.13
[Errno None] Unable to connect to port 22 on 200.225.199.21
[Errno None] Unable to connect to port 22 on 200.225.199.5
Traceback (most recent call last):
  File "/usr/local/lib/python3.6/dist-packages/paramiko/transport.py", line 2138, in _check_banner
Traceback (most recent call last):
Traceback (most recent call last):
[Errno 104] Connection reset by peer
    buf = self.packetizer.readline(timeout)
Traceback (most recent call last):
  File "/usr/local/lib/python3.6/dist-packages/paramiko/transport.py", line 2138, in _check_banner
    buf = self.packetizer.readline(timeout)
  File "/usr/local/lib/python3.6/dist-packages/paramiko/packet.py", line 367, in readline
  File "/usr/local/lib/python3.6/dist-packages/paramiko/transport.py", line 2138, in _check_banner
    buf = self.packetizer.readline(timeout)
  File "/usr/local/lib/python3.6/dist-packages/paramiko/packet.py", line 367, in readline
    buf += self._read_timeout(timeout)
  File "/usr/local/lib/python3.6/dist-packages/paramiko/packet.py", line 561, in _read_timeout
  File "/usr/local/lib/python3.6/dist-packages/paramiko/packet.py", line 367, in readline
    buf += self._read_timeout(timeout)
  File "/usr/local/lib/python3.6/dist-packages/paramiko/transport.py", line 2138, in _check_banner
    x = self.__socket.recv(128)
ConnectionResetError: [Errno 104] Connection reset by peer
  File "/usr/local/lib/python3.6/dist-packages/paramiko/packet.py", line 561, in _read_timeout
    buf = self.packetizer.readline(timeout)
    buf += self._read_timeout(timeout)

    x = self.__socket.recv(128)
ConnectionResetError: [Errno 104] Connection reset by peer
  File "/usr/local/lib/python3.6/dist-packages/paramiko/packet.py", line 561, in _read_timeout
During handling of the above exception, another exception occurred:
  File "/usr/local/lib/python3.6/dist-packages/paramiko/packet.py", line 367, in readline
    buf += self._read_timeout(timeout)
    x = self.__socket.recv(128)
[Errno None] Unable to connect to port 22 on 200.225.199.161

[Errno None] Unable to connect to port 22 on 200.225.199.177
[Errno None] Unable to connect to port 22 on 200.225.199.173

[Errno None] Unable to connect to port 22 on 200.225.199.161
[Errno None] Unable to connect to port 22 on 200.225.199.177
[Errno None] Unable to connect to port 22 on 200.225.199.205
  File "/usr/local/lib/python3.6/dist-packages/paramiko/packet.py", line 561, in _read_timeout
Exception: Error reading SSH protocol banner[Errno 104] Connection reset by peer
[Errno None] Unable to connect to port 22 on 200.225.199.173
[Errno None] Unable to connect to port 22 on 200.225.199.205
ConnectionResetError: [Errno 104] Connection reset by peer
Traceback (most recent call last):
During handling of the above exception, another exception occurred:
    x = self.__socket.recv(128)
ConnectionResetError: [Errno 104] Connection reset by peer

[Errno None] Unable to connect to port 22 on 200.225.199.225
  File "/usr/local/lib/python3.6/dist-packages/paramiko/transport.py", line 1966, in run
[Errno None] Unable to connect to port 22 on 200.225.199.229

Traceback (most recent call last):

During handling of the above exception, another exception occurred:

Traceback (most recent call last):
  File "/usr/local/lib/python3.6/dist-packages/paramiko/transport.py", line 1966, in run
    self._check_banner()
    self._check_banner()
  File "/usr/local/lib/python3.6/dist-packages/paramiko/transport.py", line 2143, in _check_banner
    "Error reading SSH protocol banner" + str(e)
paramiko.ssh_exception.SSHException: Error reading SSH protocol banner[Errno 104] Connection reset by peer
  File "/usr/local/lib/python3.6/dist-packages/paramiko/transport.py", line 2143, in _check_banner
    "Error reading SSH protocol banner" + str(e)
paramiko.ssh_exception.SSHException: Error reading SSH protocol banner[Errno 104] Connection reset by peer

Traceback (most recent call last):
  File "/usr/local/lib/python3.6/dist-packages/paramiko/transport.py", line 2138, in _check_banner
Error reading SSH protocol banner[Errno 104] Connection reset by peer

[Errno None] Unable to connect to port 22 on 200.225.199.245
[Errno None] Unable to connect to port 22 on 200.225.199.229
[Errno None] Unable to connect to port 22 on 200.225.199.225
  File "/usr/local/lib/python3.6/dist-packages/paramiko/transport.py", line 1966, in run
    buf = self.packetizer.readline(timeout)
Error reading SSH protocol banner[Errno 104] Connection reset by peer
During handling of the above exception, another exception occurred:

  File "/usr/local/lib/python3.6/dist-packages/paramiko/packet.py", line 367, in readline
    self._check_banner()
  File "/usr/local/lib/python3.6/dist-packages/paramiko/transport.py", line 2143, in _check_banner
    "Error reading SSH protocol banner" + str(e)
Traceback (most recent call last):
    buf += self._read_timeout(timeout)
  File "/usr/local/lib/python3.6/dist-packages/paramiko/packet.py", line 561, in _read_timeout
  File "/usr/local/lib/python3.6/dist-packages/paramiko/transport.py", line 1966, in run
paramiko.ssh_exception.SSHException: Error reading SSH protocol banner[Errno 104] Connection reset by peer
    x = self.__socket.recv(128)
    self._check_banner()
  File "/usr/local/lib/python3.6/dist-packages/paramiko/transport.py", line 2143, in _check_banner
ConnectionResetError: [Errno 104] Connection reset by peer

    "Error reading SSH protocol banner" + str(e)
[Errno None] Unable to connect to port 22 on 200.225.200.6
Error reading SSH protocol banner[Errno 104] Connection reset by peer
[Errno None] Unable to connect to port 22 on 200.225.199.245
[Errno None] Unable to connect to port 22 on 200.225.200.62

[Errno None] Unable to connect to port 22 on 200.225.199.254
paramiko.ssh_exception.SSHException: Error reading SSH protocol banner[Errno 104] Connection reset by peer

[Errno None] Unable to connect to port 22 on 200.225.200.81
During handling of the above exception, another exception occurred:

Traceback (most recent call last):
Error reading SSH protocol banner[Errno 104] Connection reset by peer
  File "/usr/local/lib/python3.6/dist-packages/paramiko/transport.py", line 1966, in run
[Errno None] Unable to connect to port 22 on 200.225.200.62
    self._check_banner()
  File "/usr/local/lib/python3.6/dist-packages/paramiko/transport.py", line 2143, in _check_banner
    "Error reading SSH protocol banner" + str(e)
[Errno None] Unable to connect to port 22 on 200.225.200.6
paramiko.ssh_exception.SSHException: Error reading SSH protocol banner[Errno 104] Connection reset by peer

[Errno None] Unable to connect to port 22 on 200.225.200.85
Exception: Incompatible version (1.5 instead of 2.0)
Error reading SSH protocol banner[Errno 104] Connection reset by peer
Traceback (most recent call last):
[Errno None] Unable to connect to port 22 on 200.225.200.81
  File "/usr/local/lib/python3.6/dist-packages/paramiko/transport.py", line 1966, in run
    self._check_banner()
  File "/usr/local/lib/python3.6/dist-packages/paramiko/transport.py", line 2167, in _check_banner
    raise SSHException(msg.format(version))
paramiko.ssh_exception.SSHException: Incompatible version (1.5 instead of 2.0)

Exception: Error reading SSH protocol banner[Errno 104] Connection reset by peer
Incompatible version (1.5 instead of 2.0)
[Errno None] Unable to connect to port 22 on 200.225.199.254
Exception: Error reading SSH protocol banner[Errno 104] Connection reset by peer
Traceback (most recent call last):
Traceback (most recent call last):
Exception: Error reading SSH protocol banner[Errno 104] Connection reset by peer
  File "/usr/local/lib/python3.6/dist-packages/paramiko/transport.py", line 2138, in _check_banner
  File "/usr/local/lib/python3.6/dist-packages/paramiko/transport.py", line 2138, in _check_banner
    buf = self.packetizer.readline(timeout)
  File "/usr/local/lib/python3.6/dist-packages/paramiko/packet.py", line 367, in readline
Traceback (most recent call last):
    buf += self._read_timeout(timeout)
  File "/usr/local/lib/python3.6/dist-packages/paramiko/transport.py", line 2138, in _check_banner
  File "/usr/local/lib/python3.6/dist-packages/paramiko/packet.py", line 561, in _read_timeout
[Errno None] Unable to connect to port 22 on 200.225.200.85
    buf = self.packetizer.readline(timeout)
    buf = self.packetizer.readline(timeout)
  File "/usr/local/lib/python3.6/dist-packages/paramiko/packet.py", line 367, in readline
  File "/usr/local/lib/python3.6/dist-packages/paramiko/packet.py", line 367, in readline
Exception: Incompatible version (1.5 instead of 2.0)
Traceback (most recent call last):
  File "/usr/local/lib/python3.6/dist-packages/paramiko/transport.py", line 1966, in run
    buf += self._read_timeout(timeout)
    buf += self._read_timeout(timeout)
Exception: Error reading SSH protocol banner[Errno 104] Connection reset by peer
    x = self.__socket.recv(128)
    self._check_banner()
  File "/usr/local/lib/python3.6/dist-packages/paramiko/packet.py", line 561, in _read_timeout
  File "/usr/local/lib/python3.6/dist-packages/paramiko/packet.py", line 561, in _read_timeout
ConnectionResetError: [Errno 104] Connection reset by peer
Traceback (most recent call last):
  File "/usr/local/lib/python3.6/dist-packages/paramiko/transport.py", line 2138, in _check_banner
    x = self.__socket.recv(128)
    x = self.__socket.recv(128)
ConnectionResetError: [Errno 104] Connection reset by peer

    buf = self.packetizer.readline(timeout)
ConnectionResetError: [Errno 104] Connection reset by peer

  File "/usr/local/lib/python3.6/dist-packages/paramiko/transport.py", line 2167, in _check_banner
During handling of the above exception, another exception occurred:
  File "/usr/local/lib/python3.6/dist-packages/paramiko/packet.py", line 367, in readline

During handling of the above exception, another exception occurred:
    raise SSHException(msg.format(version))
paramiko.ssh_exception.SSHException: Incompatible version (1.5 instead of 2.0)
    buf += self._read_timeout(timeout)
During handling of the above exception, another exception occurred:



  File "/usr/local/lib/python3.6/dist-packages/paramiko/packet.py", line 561, in _read_timeout
Traceback (most recent call last):
  File "/usr/local/lib/python3.6/dist-packages/paramiko/transport.py", line 1966, in run
    self._check_banner()
Incompatible version (1.5 instead of 2.0)
    x = self.__socket.recv(128)
Traceback (most recent call last):
  File "/usr/local/lib/python3.6/dist-packages/paramiko/transport.py", line 1966, in run
  File "/usr/local/lib/python3.6/dist-packages/paramiko/transport.py", line 2143, in _check_banner
    "Error reading SSH protocol banner" + str(e)
paramiko.ssh_exception.SSHException: Error reading SSH protocol banner[Errno 104] Connection reset by peer
    self._check_banner()
ConnectionResetError: [Errno 104] Connection reset by peer


Error reading SSH protocol banner[Errno 104] Connection reset by peer
  File "/usr/local/lib/python3.6/dist-packages/paramiko/transport.py", line 2143, in _check_banner

Traceback (most recent call last):
  File "/usr/local/lib/python3.6/dist-packages/paramiko/transport.py", line 1966, in run

During handling of the above exception, another exception occurred:
    "Error reading SSH protocol banner" + str(e)
    self._check_banner()

paramiko.ssh_exception.SSHException: Error reading SSH protocol banner[Errno 104] Connection reset by peer
[Errno 104] Connection reset by peer
  File "/usr/local/lib/python3.6/dist-packages/paramiko/transport.py", line 2143, in _check_banner
Traceback (most recent call last):

    "Error reading SSH protocol banner" + str(e)
paramiko.ssh_exception.SSHException: Error reading SSH protocol banner[Errno 104] Connection reset by peer

Error reading SSH protocol banner[Errno 104] Connection reset by peer
  File "/usr/local/lib/python3.6/dist-packages/paramiko/transport.py", line 1966, in run
    self._check_banner()
  File "/usr/local/lib/python3.6/dist-packages/paramiko/transport.py", line 2143, in _check_banner
    "Error reading SSH protocol banner" + str(e)
paramiko.ssh_exception.SSHException: Error reading SSH protocol banner[Errno 104] Connection reset by peer

Error reading SSH protocol banner[Errno 104] Connection reset by peer
Error reading SSH protocol banner[Errno 104] Connection reset by peer
[Errno None] Unable to connect to port 22 on 200.225.254.84
[Errno None] Unable to connect to port 22 on 200.225.254.84
Authentication failed.
Authentication failed.
Authentication failed.
('Bad authentication type', ['publickey']) (allowed_types=['publickey'])
Authentication failed.
Authentication failed.
Authentication failed.
Authentication failed.
[Errno 104] Connection reset by peer
Authentication failed.
[Errno 104] Connection reset by peer

Authentication failed.
Authentication failed.
Authentication failed.
('Bad authentication type', ['publickey']) (allowed_types=['publickey'])
Authentication failed.
Authentication failed.
Authentication failed.
Authentication failed.
Authentication failed.
Authentication failed.
Authentication failed.
Authentication failed.
Authentication failed.
timed out
timed out
timed out
timed out
timed out
timed out
timed out
timed out

timed out
timed out
timed out
timed out
timed out
timed out
timed out
timed out
host: 189.39.3.1, os: True
host: 189.39.3.3, os: True
host: 189.39.3.4, os: True
host: 189.39.3.5, os: True
host: 189.39.3.6, os: True
host: 189.39.3.7, os: True
host: 189.39.3.9, os: True
host: 189.39.3.10, os: True
host: 189.39.3.12, os: True
host: 200.225.196.1, os: True
host: 200.225.196.2, os: True
host: 200.225.196.3, os: True
host: 200.225.196.4, os: True
host: 200.225.196.5, os: True
host: 200.225.196.6, os: True
host: 200.225.196.7, os: True
host: 200.225.196.8, os: True
host: 200.225.196.9, os: True
host: 200.225.196.10, os: False
host: 200.225.196.12, os: True
host: 200.225.196.13, os: True
host: 200.225.196.14, os: True
host: 200.225.196.15, os: True
host: 200.225.196.17, os: True
host: 200.225.196.18, os: True
host: 200.225.196.19, os: True
host: 200.225.196.21, os: False
host: 200.225.196.22, os: True
host: 200.225.196.29, os: True
host: 200.225.196.30, os: True
host: 200.225.196.49, os: False
host: 200.225.196.50, os: True
host: 200.225.196.53, os: False
host: 200.225.196.54, os: True
host: 200.225.196.58, os: True
host: 200.225.196.62, os: False
host: 200.225.196.65, os: True
host: 200.225.196.66, os: True
host: 200.225.196.67, os: True
host: 200.225.196.70, os: True
host: 200.225.196.72, os: True
host: 200.225.196.77, os: False
host: 200.225.196.78, os: True
host: 200.225.196.88, os: True
host: 200.225.196.89, os: True
host: 200.225.196.93, os: True
host: 200.225.196.96, os: True
host: 200.225.196.98, os: True
host: 200.225.196.99, os: True
host: 200.225.196.102, os: True
host: 200.225.196.103, os: True
host: 200.225.196.104, os: True
host: 200.225.196.106, os: True
host: 200.225.196.107, os: True
host: 200.225.196.123, os: False
host: 200.225.196.125, os: True
host: 200.225.196.134, os: False
host: 200.225.196.136, os: True
host: 200.225.196.137, os: True
host: 200.225.196.138, os: False
host: 200.225.196.139, os: True
host: 200.225.196.140, os: True
host: 200.225.196.150, os: True
host: 200.225.196.159, os: True
host: 200.225.196.160, os: False
host: 200.225.196.162, os: True
host: 200.225.196.163, os: True
host: 200.225.196.164, os: True
host: 200.225.196.168, os: True
host: 200.225.196.169, os: True
host: 200.225.196.170, os: True
host: 200.225.196.172, os: True
host: 200.225.196.174, os: True
host: 200.225.196.175, os: True
host: 200.225.196.177, os: True
host: 200.225.196.178, os: True
host: 200.225.196.179, os: True
host: 200.225.196.181, os: False
host: 200.225.196.182, os: False
host: 200.225.196.186, os: False
host: 200.225.196.187, os: True
host: 200.225.196.190, os: True
host: 200.225.196.191, os: True
host: 200.225.196.197, os: True
host: 200.225.196.198, os: True
host: 200.225.196.200, os: False
host: 200.225.196.201, os: True
host: 200.225.196.203, os: True
host: 200.225.196.204, os: True
host: 200.225.196.211, os: True
host: 200.225.196.213, os: True
host: 200.225.196.214, os: True
host: 200.225.196.215, os: True
host: 200.225.196.216, os: True
host: 200.225.196.217, os: True
host: 200.225.196.219, os: True
host: 200.225.196.221, os: False
host: 200.225.196.222, os: True
host: 200.225.196.224, os: False
host: 200.225.196.226, os: True
host: 200.225.196.229, os: False
host: 200.225.196.230, os: True
host: 200.225.196.233, os: True
host: 200.225.196.237, os: False
host: 200.225.196.238, os: True
host: 200.225.196.241, os: False
host: 200.225.196.242, os: False
host: 200.225.196.244, os: True
host: 200.225.196.246, os: True
host: 200.225.196.247, os: True
host: 200.225.196.248, os: True
host: 200.225.196.250, os: True
host: 200.225.196.251, os: True
host: 200.225.196.252, os: True
host: 200.225.196.253, os: False
host: 200.225.196.255, os: True
host: 200.225.199.5, os: False
host: 200.225.199.6, os: True
host: 200.225.199.9, os: False
host: 200.225.199.10, os: True
host: 200.225.199.13, os: False
host: 200.225.199.14, os: False
host: 200.225.199.17, os: True
host: 200.225.199.18, os: True
host: 200.225.199.21, os: False
host: 200.225.199.22, os: True
host: 200.225.199.30, os: True
host: 200.225.199.73, os: False
host: 200.225.199.74, os: True
host: 200.225.199.77, os: False
host: 200.225.199.78, os: True
host: 200.225.199.109, os: True
host: 200.225.199.110, os: True
host: 200.225.199.129, os: True
host: 200.225.199.130, os: True
host: 200.225.199.161, os: False
host: 200.225.199.162, os: True
host: 200.225.199.165, os: True
host: 200.225.199.166, os: True
host: 200.225.199.169, os: True
host: 200.225.199.170, os: True
host: 200.225.199.171, os: True
host: 200.225.199.173, os: False
host: 200.225.199.174, os: True
host: 200.225.199.177, os: False
host: 200.225.199.191, os: True
host: 200.225.199.205, os: False
host: 200.225.199.206, os: False
host: 200.225.199.211, os: True
host: 200.225.199.215, os: True
host: 200.225.199.216, os: True
host: 200.225.199.217, os: True
host: 200.225.199.225, os: False
host: 200.225.199.229, os: False
host: 200.225.199.237, os: False
host: 200.225.199.238, os: True
host: 200.225.199.242, os: True
host: 200.225.199.245, os: False
host: 200.225.199.246, os: True
host: 200.225.199.252, os: False
host: 200.225.199.253, os: False
host: 200.225.199.254, os: False
host: 200.225.200.1, os: False
host: 200.225.200.6, os: False
host: 200.225.200.9, os: False
host: 200.225.200.10, os: True
host: 200.225.200.14, os: True
host: 200.225.200.22, os: True
host: 200.225.200.25, os: True
host: 200.225.200.62, os: False
host: 200.225.200.66, os: True
host: 200.225.200.69, os: False
host: 200.225.200.70, os: True
host: 200.225.200.73, os: False
host: 200.225.200.74, os: True
host: 200.225.200.81, os: False
host: 200.225.200.82, os: False
host: 200.225.200.85, os: False
host: 200.225.200.86, os: True
host: 200.225.200.90, os: True
host: 200.225.200.93, os: False
host: 200.225.200.94, os: True
host: 200.225.200.101, os: True
host: 200.225.200.102, os: True
host: 200.225.200.103, os: True
host: 200.225.200.104, os: True
host: 200.225.200.105, os: True
host: 200.225.200.106, os: True
host: 200.225.200.107, os: True
host: 200.225.200.108, os: True
host: 200.225.200.109, os: True
host: 200.225.200.110, os: True
host: 200.225.200.111, os: True
host: 200.225.200.112, os: True
host: 200.225.200.113, os: True
host: 200.225.200.114, os: True
host: 200.225.200.115, os: True
host: 200.225.200.116, os: True
host: 200.225.200.117, os: True
host: 200.225.200.120, os: True
host: 200.225.200.129, os: False
host: 200.225.200.254, os: False
host: 200.225.254.1, os: True
host: 200.225.254.2, os: True
host: 200.225.254.3, os: True
host: 200.225.254.4, os: True
host: 200.225.254.5, os: True
host: 200.225.254.6, os: True
host: 200.225.254.7, os: True
host: 200.225.254.13, os: True
host: 200.225.254.16, os: True
host: 200.225.254.21, os: True
host: 200.225.254.22, os: True
host: 200.225.254.23, os: True
host: 200.225.254.24, os: True
host: 200.225.254.25, os: True
host: 200.225.254.26, os: True
host: 200.225.254.39, os: True
host: 200.225.254.40, os: True
host: 200.225.254.41, os: True
host: 200.225.254.42, os: True
host: 200.225.254.43, os: True
host: 200.225.254.44, os: True
host: 200.225.254.45, os: True
host: 200.225.254.46, os: True
host: 200.225.254.47, os: True
host: 200.225.254.48, os: True
host: 200.225.254.49, os: True
host: 200.225.254.50, os: True
host: 200.225.254.53, os: True
host: 200.225.254.54, os: True
host: 200.225.254.55, os: True
host: 200.225.254.56, os: True
host: 200.225.254.57, os: True
host: 200.225.254.58, os: True
host: 200.225.254.59, os: True
host: 200.225.254.60, os: True
host: 200.225.254.61, os: True
host: 200.225.254.63, os: True
host: 200.225.254.64, os: True
host: 200.225.254.70, os: True
host: 200.225.254.71, os: True
host: 200.225.254.72, os: True
host: 200.225.254.73, os: True
host: 200.225.254.74, os: True
host: 200.225.254.75, os: True
host: 200.225.254.76, os: True
host: 200.225.254.77, os: True
host: 200.225.254.78, os: True
host: 200.225.254.79, os: True
host: 200.225.254.80, os: True
host: 200.225.254.81, os: True
host: 200.225.254.82, os: True
host: 200.225.254.83, os: True
host: 200.225.254.84, os: False
host: 200.225.254.85, os: True
host: 200.225.254.86, os: True
host: 200.225.254.87, os: True
host: 200.225.254.88, os: True
host: 200.225.254.89, os: True
host: 200.225.254.90, os: True
host: 200.225.254.91, os: True
host: 200.225.254.92, os: True
host: 200.225.254.93, os: True
host: 200.225.254.94, os: True
host: 200.225.254.96, os: True
host: 200.225.254.97, os: True
host: 200.225.254.98, os: True
host: 200.225.254.99, os: True
host: 200.225.254.100, os: True
host: 200.225.254.102, os: True
host: 200.225.254.103, os: True
host: 200.225.254.104, os: True
host: 200.225.254.105, os: True
host: 200.225.254.106, os: True
host: 200.225.254.107, os: True
host: 200.225.254.108, os: True
host: 200.225.254.109, os: True
host: 200.225.254.110, os: True
host: 200.225.254.111, os: True
host: 200.225.254.112, os: True
host: 200.225.254.113, os: True
host: 200.225.254.114, os: True
host: 200.225.254.115, os: True
host: 200.225.254.116, os: True
host: 200.225.254.117, os: True
host: 200.225.254.118, os: True
host: 200.225.254.119, os: True
host: 200.225.254.120, os: True
host: 200.225.254.121, os: True
host: 200.225.254.122, os: True
host: 200.225.254.123, os: True
host: 200.225.254.124, os: True
host: 200.225.254.125, os: True
host: 200.225.254.126, os: True
host: 200.225.254.127, os: True
host: 200.225.254.128, os: True
host: 200.225.254.129, os: True
host: 200.225.254.130, os: True
host: 200.225.254.131, os: True
host: 200.225.254.132, os: True
host: 200.225.254.133, os: True
host: 200.225.254.134, os: True
host: 200.225.254.135, os: True
host: 200.225.254.138, os: True
host: 200.225.254.139, os: True
host: 200.225.254.140, os: True
host: 200.225.254.144, os: True
host: 200.225.254.145, os: True
host: 200.225.254.146, os: True
host: 200.225.254.147, os: True
host: 200.225.254.148, os: True
host: 200.225.254.150, os: True
host: 200.225.254.151, os: True
host: 200.225.254.152, os: True
host: 200.225.254.153, os: True
host: 200.225.254.154, os: True
host: 200.225.254.160, os: True
host: 200.225.254.161, os: True
host: 200.225.254.162, os: True
host: 200.225.254.163, os: True
host: 200.225.254.164, os: True
host: 200.225.254.165, os: True
host: 200.225.254.166, os: True
host: 200.225.254.167, os: True
host: 200.225.254.168, os: True
host: 200.225.254.169, os: True
host: 200.225.254.170, os: False
host: 200.225.254.171, os: True
host: 200.225.254.172, os: True
host: 200.225.254.173, os: True
host: 200.225.254.174, os: True
host: 200.225.254.175, os: True
host: 200.225.254.176, os: True
host: 200.225.254.177, os: True
host: 200.225.254.178, os: True
host: 200.225.254.179, os: True
host: 200.225.254.180, os: True
host: 200.225.254.181, os: True
host: 200.225.254.182, os: True
host: 200.225.254.183, os: True
host: 200.225.254.184, os: False
host: 200.225.254.185, os: False
host: 200.225.254.187, os: True
host: 200.225.254.188, os: True
host: 200.225.254.189, os: True
host: 200.225.254.190, os: True
host: 200.225.254.191, os: True
host: 200.225.254.192, os: True
host: 200.225.254.194, os: True
host: 200.225.254.195, os: True
host: 200.225.254.196, os: True
host: 200.225.254.200, os: True
host: 200.225.254.201, os: True
host: 200.225.254.202, os: True
host: 200.225.254.240, os: True
host: 200.225.254.250, os: True
host: 200.225.254.251, os: True
host: 200.225.254.252, os: True
host: 200.225.254.253, os: True
host: 200.225.254.254, os: True
Exception: Error reading SSH protocol banner[Errno 104] Connection reset by peer
Traceback (most recent call last):
  File "/usr/local/lib/python3.6/dist-packages/paramiko/transport.py", line 2138, in _check_banner
    buf = self.packetizer.readline(timeout)
  File "/usr/local/lib/python3.6/dist-packages/paramiko/packet.py", line 367, in readline
    buf += self._read_timeout(timeout)
  File "/usr/local/lib/python3.6/dist-packages/paramiko/packet.py", line 561, in _read_timeout
    x = self.__socket.recv(128)
ConnectionResetError: [Errno 104] Connection reset by peer

During handling of the above exception, another exception occurred:

Traceback (most recent call last):
  File "/usr/local/lib/python3.6/dist-packages/paramiko/transport.py", line 1966, in run
    self._check_banner()
  File "/usr/local/lib/python3.6/dist-packages/paramiko/transport.py", line 2143, in _check_banner
    "Error reading SSH protocol banner" + str(e)
paramiko.ssh_exception.SSHException: Error reading SSH protocol banner[Errno 104] Connection reset by peer

Error reading SSH protocol banner[Errno 104] Connection reset by peer
Exception: Error reading SSH protocol banner[Errno 104] Connection reset by peer
Exception: Error reading SSH protocol banner[Errno 104] Connection reset by peer
Exception: Error reading SSH protocol banner[Errno 104] Connection reset by peer
Traceback (most recent call last):
[Errno None] Unable to connect to port 22 on 200.225.254.89
Exception: Error reading SSH protocol banner[Errno 104] Connection reset by peer
Exception: Error reading SSH protocol banner[Errno 104] Connection reset by peer
Exception: Error reading SSH protocol banner[Errno 104] Connection reset by peer
Traceback (most recent call last):
Exception: Error reading SSH protocol banner[Errno 104] Connection reset by peer
Exception: Error reading SSH protocol banner[Errno 104] Connection reset by peer
Exception: Error reading SSH protocol banner[Errno 104] Connection reset by peer
Traceback (most recent call last):
  File "/usr/local/lib/python3.6/dist-packages/paramiko/transport.py", line 2138, in _check_banner
    buf = self.packetizer.readline(timeout)
Traceback (most recent call last):
  File "/usr/local/lib/python3.6/dist-packages/paramiko/transport.py", line 2138, in _check_banner
    buf = self.packetizer.readline(timeout)
Traceback (most recent call last):
Traceback (most recent call last):
Exception: Error reading SSH protocol banner[Errno 104] Connection reset by peer
  File "/usr/local/lib/python3.6/dist-packages/paramiko/transport.py", line 2138, in _check_banner
Traceback (most recent call last):
  File "/usr/local/lib/python3.6/dist-packages/paramiko/transport.py", line 2138, in _check_banner
  File "/usr/local/lib/python3.6/dist-packages/paramiko/packet.py", line 367, in readline
  File "/usr/local/lib/python3.6/dist-packages/paramiko/packet.py", line 367, in readline
  File "/usr/local/lib/python3.6/dist-packages/paramiko/transport.py", line 2138, in _check_banner
Traceback (most recent call last):
  File "/usr/local/lib/python3.6/dist-packages/paramiko/transport.py", line 2138, in _check_banner
    buf = self.packetizer.readline(timeout)
Traceback (most recent call last):
    buf = self.packetizer.readline(timeout)
    buf = self.packetizer.readline(timeout)
  File "/usr/local/lib/python3.6/dist-packages/paramiko/packet.py", line 367, in readline
    buf += self._read_timeout(timeout)
  File "/usr/local/lib/python3.6/dist-packages/paramiko/packet.py", line 561, in _read_timeout
    x = self.__socket.recv(128)
ConnectionResetError: [Errno 104] Connection reset by peer
  File "/usr/local/lib/python3.6/dist-packages/paramiko/transport.py", line 2138, in _check_banner
  File "/usr/local/lib/python3.6/dist-packages/paramiko/packet.py", line 367, in readline
  File "/usr/local/lib/python3.6/dist-packages/paramiko/transport.py", line 2138, in _check_banner
  File "/usr/local/lib/python3.6/dist-packages/paramiko/packet.py", line 367, in readline
Traceback (most recent call last):
    buf += self._read_timeout(timeout)
    buf += self._read_timeout(timeout)

    buf = self.packetizer.readline(timeout)
  File "/usr/local/lib/python3.6/dist-packages/paramiko/transport.py", line 2138, in _check_banner
    buf = self.packetizer.readline(timeout)
    buf += self._read_timeout(timeout)
    buf = self.packetizer.readline(timeout)
    buf += self._read_timeout(timeout)
  File "/usr/local/lib/python3.6/dist-packages/paramiko/packet.py", line 561, in _read_timeout
    x = self.__socket.recv(128)
ConnectionResetError: [Errno 104] Connection reset by peer
During handling of the above exception, another exception occurred:
  File "/usr/local/lib/python3.6/dist-packages/paramiko/packet.py", line 367, in readline
    buf = self.packetizer.readline(timeout)
  File "/usr/local/lib/python3.6/dist-packages/paramiko/packet.py", line 367, in readline
  File "/usr/local/lib/python3.6/dist-packages/paramiko/packet.py", line 561, in _read_timeout
    x = self.__socket.recv(128)
  File "/usr/local/lib/python3.6/dist-packages/paramiko/transport.py", line 2138, in _check_banner
  File "/usr/local/lib/python3.6/dist-packages/paramiko/packet.py", line 561, in _read_timeout
  File "/usr/local/lib/python3.6/dist-packages/paramiko/packet.py", line 561, in _read_timeout
    x = self.__socket.recv(128)

    buf += self._read_timeout(timeout)
  File "/usr/local/lib/python3.6/dist-packages/paramiko/packet.py", line 367, in readline
    buf += self._read_timeout(timeout)
  File "/usr/local/lib/python3.6/dist-packages/paramiko/packet.py", line 367, in readline
ConnectionResetError: [Errno 104] Connection reset by peer
    buf = self.packetizer.readline(timeout)
    x = self.__socket.recv(128)

ConnectionResetError: [Errno 104] Connection reset by peer

  File "/usr/local/lib/python3.6/dist-packages/paramiko/packet.py", line 561, in _read_timeout
    buf += self._read_timeout(timeout)
  File "/usr/local/lib/python3.6/dist-packages/paramiko/packet.py", line 561, in _read_timeout
    buf += self._read_timeout(timeout)

  File "/usr/local/lib/python3.6/dist-packages/paramiko/packet.py", line 367, in readline
ConnectionResetError: [Errno 104] Connection reset by peer
During handling of the above exception, another exception occurred:
Traceback (most recent call last):
During handling of the above exception, another exception occurred:
    x = self.__socket.recv(128)
  File "/usr/local/lib/python3.6/dist-packages/paramiko/packet.py", line 561, in _read_timeout
    x = self.__socket.recv(128)
  File "/usr/local/lib/python3.6/dist-packages/paramiko/packet.py", line 561, in _read_timeout
During handling of the above exception, another exception occurred:
    buf += self._read_timeout(timeout)
  File "/usr/local/lib/python3.6/dist-packages/paramiko/packet.py", line 561, in _read_timeout

  File "/usr/local/lib/python3.6/dist-packages/paramiko/transport.py", line 1966, in run

ConnectionResetError: [Errno 104] Connection reset by peer
    x = self.__socket.recv(128)
ConnectionResetError: [Errno 104] Connection reset by peer



    x = self.__socket.recv(128)
ConnectionResetError: [Errno 104] Connection reset by peer
    self._check_banner()
Traceback (most recent call last):
  File "/usr/local/lib/python3.6/dist-packages/paramiko/transport.py", line 1966, in run
    self._check_banner()
ConnectionResetError: [Errno 104] Connection reset by peer

Traceback (most recent call last):
During handling of the above exception, another exception occurred:

Traceback (most recent call last):
  File "/usr/local/lib/python3.6/dist-packages/paramiko/transport.py", line 1966, in run

During handling of the above exception, another exception occurred:

Traceback (most recent call last):
  File "/usr/local/lib/python3.6/dist-packages/paramiko/transport.py", line 1966, in run
    self._check_banner()
  File "/usr/local/lib/python3.6/dist-packages/paramiko/transport.py", line 2143, in _check_banner
During handling of the above exception, another exception occurred:

  File "/usr/local/lib/python3.6/dist-packages/paramiko/transport.py", line 2143, in _check_banner
    x = self.__socket.recv(128)
During handling of the above exception, another exception occurred:
  File "/usr/local/lib/python3.6/dist-packages/paramiko/transport.py", line 2143, in _check_banner
    "Error reading SSH protocol banner" + str(e)
    "Error reading SSH protocol banner" + str(e)
paramiko.ssh_exception.SSHException: Error reading SSH protocol banner[Errno 104] Connection reset by peer

    self._check_banner()
  File "/usr/local/lib/python3.6/dist-packages/paramiko/transport.py", line 2143, in _check_banner
    "Error reading SSH protocol banner" + str(e)
Error reading SSH protocol banner[Errno 104] Connection reset by peer
paramiko.ssh_exception.SSHException: Error reading SSH protocol banner[Errno 104] Connection reset by peer

paramiko.ssh_exception.SSHException: Error reading SSH protocol banner[Errno 104] Connection reset by peer
During handling of the above exception, another exception occurred:
Error reading SSH protocol banner[Errno 104] Connection reset by peer

Traceback (most recent call last):
Traceback (most recent call last):
  File "/usr/local/lib/python3.6/dist-packages/paramiko/transport.py", line 1966, in run
    self._check_banner()
  File "/usr/local/lib/python3.6/dist-packages/paramiko/transport.py", line 2143, in _check_banner
    "Error reading SSH protocol banner" + str(e)
paramiko.ssh_exception.SSHException: Error reading SSH protocol banner[Errno 104] Connection reset by peer
  File "/usr/local/lib/python3.6/dist-packages/paramiko/transport.py", line 1966, in run
    self._check_banner()
  File "/usr/local/lib/python3.6/dist-packages/paramiko/transport.py", line 2143, in _check_banner


    "Error reading SSH protocol banner" + str(e)

Error reading SSH protocol banner[Errno 104] Connection reset by peer

Error reading SSH protocol banner[Errno 104] Connection reset by peer
ConnectionResetError: [Errno 104] Connection reset by peer
  File "/usr/local/lib/python3.6/dist-packages/paramiko/transport.py", line 1966, in run
    "Error reading SSH protocol banner" + str(e)
Traceback (most recent call last):
Traceback (most recent call last):
paramiko.ssh_exception.SSHException: Error reading SSH protocol banner[Errno 104] Connection reset by peer

    self._check_banner()
paramiko.ssh_exception.SSHException: Error reading SSH protocol banner[Errno 104] Connection reset by peer

Error reading SSH protocol banner[Errno 104] Connection reset by peer
  File "/usr/local/lib/python3.6/dist-packages/paramiko/transport.py", line 1966, in run
    self._check_banner()
  File "/usr/local/lib/python3.6/dist-packages/paramiko/transport.py", line 2143, in _check_banner
  File "/usr/local/lib/python3.6/dist-packages/paramiko/transport.py", line 2143, in _check_banner
  File "/usr/local/lib/python3.6/dist-packages/paramiko/transport.py", line 1966, in run

During handling of the above exception, another exception occurred:
Error reading SSH protocol banner[Errno 104] Connection reset by peer
    "Error reading SSH protocol banner" + str(e)
    "Error reading SSH protocol banner" + str(e)
    self._check_banner()
  File "/usr/local/lib/python3.6/dist-packages/paramiko/transport.py", line 2143, in _check_banner
paramiko.ssh_exception.SSHException: Error reading SSH protocol banner[Errno 104] Connection reset by peer
paramiko.ssh_exception.SSHException: Error reading SSH protocol banner[Errno 104] Connection reset by peer

Traceback (most recent call last):


Error reading SSH protocol banner[Errno 104] Connection reset by peer
Error reading SSH protocol banner[Errno 104] Connection reset by peer
    "Error reading SSH protocol banner" + str(e)
  File "/usr/local/lib/python3.6/dist-packages/paramiko/transport.py", line 1966, in run
paramiko.ssh_exception.SSHException: Error reading SSH protocol banner[Errno 104] Connection reset by peer
    self._check_banner()

  File "/usr/local/lib/python3.6/dist-packages/paramiko/transport.py", line 2143, in _check_banner
    "Error reading SSH protocol banner" + str(e)
paramiko.ssh_exception.SSHException: Error reading SSH protocol banner[Errno 104] Connection reset by peer

Error reading SSH protocol banner[Errno 104] Connection reset by peer
Error reading SSH protocol banner[Errno 104] Connection reset by peer
Exception: Error reading SSH protocol banner[Errno 104] Connection reset by peer
[Errno 104] Connection reset by peer
Traceback (most recent call last):
  File "/usr/local/lib/python3.6/dist-packages/paramiko/transport.py", line 2138, in _check_banner
    buf = self.packetizer.readline(timeout)
  File "/usr/local/lib/python3.6/dist-packages/paramiko/packet.py", line 367, in readline
    buf += self._read_timeout(timeout)
  File "/usr/local/lib/python3.6/dist-packages/paramiko/packet.py", line 561, in _read_timeout
    x = self.__socket.recv(128)
ConnectionResetError: [Errno 104] Connection reset by peer

During handling of the above exception, another exception occurred:

Traceback (most recent call last):
  File "/usr/local/lib/python3.6/dist-packages/paramiko/transport.py", line 1966, in run
    self._check_banner()
  File "/usr/local/lib/python3.6/dist-packages/paramiko/transport.py", line 2143, in _check_banner
    "Error reading SSH protocol banner" + str(e)
paramiko.ssh_exception.SSHException: Error reading SSH protocol banner[Errno 104] Connection reset by peer

Error reading SSH protocol banner[Errno 104] Connection reset by peer
Exception: Error reading SSH protocol banner[Errno 104] Connection reset by peer

Traceback (most recent call last):
  File "/usr/local/lib/python3.6/dist-packages/paramiko/transport.py", line 2138, in _check_banner
    buf = self.packetizer.readline(timeout)
  File "/usr/local/lib/python3.6/dist-packages/paramiko/packet.py", line 367, in readline
Exception: Error reading SSH protocol banner[Errno 104] Connection reset by peer
Traceback (most recent call last):
    buf += self._read_timeout(timeout)
  File "/usr/local/lib/python3.6/dist-packages/paramiko/transport.py", line 2138, in _check_banner
  File "/usr/local/lib/python3.6/dist-packages/paramiko/packet.py", line 561, in _read_timeout
    buf = self.packetizer.readline(timeout)
    x = self.__socket.recv(128)
  File "/usr/local/lib/python3.6/dist-packages/paramiko/packet.py", line 367, in readline
ConnectionResetError: [Errno 104] Connection reset by peer
    buf += self._read_timeout(timeout)
  File "/usr/local/lib/python3.6/dist-packages/paramiko/packet.py", line 561, in _read_timeout

    x = self.__socket.recv(128)
During handling of the above exception, another exception occurred:
ConnectionResetError: [Errno 104] Connection reset by peer


Traceback (most recent call last):
During handling of the above exception, another exception occurred:
  File "/usr/local/lib/python3.6/dist-packages/paramiko/transport.py", line 1966, in run

    self._check_banner()
Traceback (most recent call last):
  File "/usr/local/lib/python3.6/dist-packages/paramiko/transport.py", line 2143, in _check_banner
  File "/usr/local/lib/python3.6/dist-packages/paramiko/transport.py", line 1966, in run
    "Error reading SSH protocol banner" + str(e)
    self._check_banner()
  File "/usr/local/lib/python3.6/dist-packages/paramiko/transport.py", line 2143, in _check_banner
paramiko.ssh_exception.SSHException: Error reading SSH protocol banner[Errno 104] Connection reset by peer
    "Error reading SSH protocol banner" + str(e)

paramiko.ssh_exception.SSHException: Error reading SSH protocol banner[Errno 104] Connection reset by peer

Error reading SSH protocol banner[Errno 104] Connection reset by peer
Error reading SSH protocol banner[Errno 104] Connection reset by peer
host: 189.39.3.1, loopback: True
host: 189.39.3.3, loopback: True
host: 189.39.3.4, loopback: True
host: 189.39.3.5, loopback: True
host: 189.39.3.6, loopback: True
host: 189.39.3.7, loopback: True
host: 189.39.3.9, loopback: True
host: 189.39.3.10, loopback: True
host: 189.39.3.12, loopback: True
host: 200.225.196.1, loopback: True
host: 200.225.196.2, loopback: True
host: 200.225.196.3, loopback: True
host: 200.225.196.4, loopback: True
host: 200.225.196.5, loopback: True
host: 200.225.196.6, loopback: True
host: 200.225.196.7, loopback: True
host: 200.225.196.8, loopback: True
host: 200.225.196.9, loopback: True
host: 200.225.196.12, loopback: True
host: 200.225.196.13, loopback: True
host: 200.225.196.14, loopback: True
host: 200.225.196.15, loopback: True
host: 200.225.196.17, loopback: True
host: 200.225.196.18, loopback: True
host: 200.225.196.19, loopback: True
host: 200.225.196.22, loopback: False
host: 200.225.196.29, loopback: True
host: 200.225.196.30, loopback: True
host: 200.225.196.50, loopback: False
host: 200.225.196.54, loopback: False
host: 200.225.196.58, loopback: True
host: 200.225.196.65, loopback: True
host: 200.225.196.66, loopback: True
host: 200.225.196.67, loopback: True
host: 200.225.196.70, loopback: True
host: 200.225.196.72, loopback: True
host: 200.225.196.78, loopback: False
host: 200.225.196.88, loopback: True
host: 200.225.196.89, loopback: True
host: 200.225.196.93, loopback: True
host: 200.225.196.96, loopback: True
host: 200.225.196.98, loopback: True
host: 200.225.196.99, loopback: True
host: 200.225.196.102, loopback: True
host: 200.225.196.103, loopback: True
host: 200.225.196.104, loopback: True
host: 200.225.196.106, loopback: True
host: 200.225.196.107, loopback: True
host: 200.225.196.125, loopback: True
host: 200.225.196.136, loopback: True
host: 200.225.196.137, loopback: True
host: 200.225.196.139, loopback: True
host: 200.225.196.140, loopback: True
host: 200.225.196.150, loopback: True
host: 200.225.196.159, loopback: True
host: 200.225.196.162, loopback: True
host: 200.225.196.163, loopback: True
host: 200.225.196.164, loopback: True
host: 200.225.196.168, loopback: True
host: 200.225.196.169, loopback: True
host: 200.225.196.170, loopback: True
host: 200.225.196.172, loopback: True
host: 200.225.196.174, loopback: True
host: 200.225.196.175, loopback: True
host: 200.225.196.177, loopback: True
host: 200.225.196.178, loopback: True
host: 200.225.196.179, loopback: True
host: 200.225.196.187, loopback: True
host: 200.225.196.190, loopback: True
host: 200.225.196.191, loopback: True
host: 200.225.196.197, loopback: True
host: 200.225.196.198, loopback: True
host: 200.225.196.201, loopback: True
host: 200.225.196.203, loopback: True
host: 200.225.196.204, loopback: True
host: 200.225.196.211, loopback: True
host: 200.225.196.213, loopback: True
host: 200.225.196.214, loopback: True
host: 200.225.196.215, loopback: True
host: 200.225.196.216, loopback: True
host: 200.225.196.217, loopback: True
host: 200.225.196.219, loopback: True
host: 200.225.196.222, loopback: False
host: 200.225.196.226, loopback: True
host: 200.225.196.230, loopback: False
host: 200.225.196.233, loopback: True
host: 200.225.196.238, loopback: False
host: 200.225.196.244, loopback: True
host: 200.225.196.246, loopback: True
host: 200.225.196.247, loopback: True
host: 200.225.196.248, loopback: True
host: 200.225.196.250, loopback: True
host: 200.225.196.251, loopback: True
host: 200.225.196.252, loopback: True
host: 200.225.196.255, loopback: True
host: 200.225.199.6, loopback: False
host: 200.225.199.10, loopback: False
host: 200.225.199.17, loopback: True
host: 200.225.199.18, loopback: False
host: 200.225.199.22, loopback: False
host: 200.225.199.30, loopback: False
host: 200.225.199.74, loopback: False
host: 200.225.199.78, loopback: False
host: 200.225.199.109, loopback: False
host: 200.225.199.110, loopback: False
host: 200.225.199.129, loopback: True
host: 200.225.199.130, loopback: True
host: 200.225.199.162, loopback: False
host: 200.225.199.165, loopback: False
host: 200.225.199.166, loopback: False
host: 200.225.199.169, loopback: True
host: 200.225.199.170, loopback: True
host: 200.225.199.171, loopback: True
host: 200.225.199.174, loopback: False
host: 200.225.199.191, loopback: True
host: 200.225.199.211, loopback: True
host: 200.225.199.215, loopback: True
host: 200.225.199.216, loopback: True
host: 200.225.199.217, loopback: False
host: 200.225.199.238, loopback: False
host: 200.225.199.242, loopback: False
host: 200.225.199.246, loopback: False
host: 200.225.200.10, loopback: False
host: 200.225.200.14, loopback: False
host: 200.225.200.22, loopback: False
host: 200.225.200.25, loopback: False
host: 200.225.200.66, loopback: False
host: 200.225.200.70, loopback: False
host: 200.225.200.74, loopback: False
host: 200.225.200.86, loopback: False
host: 200.225.200.90, loopback: False
host: 200.225.200.94, loopback: False
host: 200.225.200.101, loopback: True
host: 200.225.200.102, loopback: True
host: 200.225.200.103, loopback: True
host: 200.225.200.104, loopback: True
host: 200.225.200.105, loopback: True
host: 200.225.200.106, loopback: True
host: 200.225.200.107, loopback: True
host: 200.225.200.108, loopback: True
host: 200.225.200.109, loopback: True
host: 200.225.200.110, loopback: True
host: 200.225.200.111, loopback: True
host: 200.225.200.112, loopback: True
host: 200.225.200.113, loopback: True
host: 200.225.200.114, loopback: True
host: 200.225.200.115, loopback: True
host: 200.225.200.116, loopback: True
host: 200.225.200.117, loopback: True
host: 200.225.200.120, loopback: True
host: 200.225.254.1, loopback: True
host: 200.225.254.2, loopback: True
host: 200.225.254.3, loopback: True
host: 200.225.254.4, loopback: True
host: 200.225.254.5, loopback: True
host: 200.225.254.6, loopback: True
host: 200.225.254.7, loopback: True
host: 200.225.254.13, loopback: True
host: 200.225.254.16, loopback: True
host: 200.225.254.21, loopback: True
host: 200.225.254.22, loopback: True
host: 200.225.254.23, loopback: True
host: 200.225.254.24, loopback: True
host: 200.225.254.25, loopback: True
host: 200.225.254.26, loopback: True
host: 200.225.254.39, loopback: True
host: 200.225.254.40, loopback: True
host: 200.225.254.41, loopback: True
host: 200.225.254.42, loopback: True
host: 200.225.254.43, loopback: True
host: 200.225.254.44, loopback: True
host: 200.225.254.45, loopback: True
host: 200.225.254.46, loopback: True
host: 200.225.254.47, loopback: True
host: 200.225.254.48, loopback: True
host: 200.225.254.49, loopback: True
host: 200.225.254.50, loopback: True
host: 200.225.254.53, loopback: True
host: 200.225.254.54, loopback: True
host: 200.225.254.55, loopback: True
host: 200.225.254.56, loopback: True
host: 200.225.254.57, loopback: True
host: 200.225.254.58, loopback: True
host: 200.225.254.59, loopback: True
host: 200.225.254.60, loopback: True
host: 200.225.254.61, loopback: True
host: 200.225.254.63, loopback: True
host: 200.225.254.64, loopback: True
host: 200.225.254.70, loopback: True
host: 200.225.254.71, loopback: True
host: 200.225.254.72, loopback: True
host: 200.225.254.73, loopback: True
host: 200.225.254.74, loopback: True
host: 200.225.254.75, loopback: True
host: 200.225.254.76, loopback: True
host: 200.225.254.77, loopback: True
host: 200.225.254.78, loopback: True
host: 200.225.254.79, loopback: True
host: 200.225.254.80, loopback: True
host: 200.225.254.81, loopback: True
host: 200.225.254.82, loopback: True
host: 200.225.254.83, loopback: True
host: 200.225.254.85, loopback: True
host: 200.225.254.86, loopback: True
host: 200.225.254.87, loopback: True
host: 200.225.254.88, loopback: True
host: 200.225.254.89, loopback: False
host: 200.225.254.90, loopback: True
host: 200.225.254.91, loopback: True
host: 200.225.254.92, loopback: True
host: 200.225.254.93, loopback: True
host: 200.225.254.94, loopback: True
host: 200.225.254.96, loopback: True
host: 200.225.254.97, loopback: True
host: 200.225.254.98, loopback: True
host: 200.225.254.99, loopback: True
host: 200.225.254.100, loopback: True
host: 200.225.254.102, loopback: True
host: 200.225.254.103, loopback: True
host: 200.225.254.104, loopback: True
host: 200.225.254.105, loopback: True
host: 200.225.254.106, loopback: True
host: 200.225.254.107, loopback: True
host: 200.225.254.108, loopback: True
host: 200.225.254.109, loopback: True
host: 200.225.254.110, loopback: True
host: 200.225.254.111, loopback: True
host: 200.225.254.112, loopback: True
host: 200.225.254.113, loopback: True
host: 200.225.254.114, loopback: True
host: 200.225.254.115, loopback: True
host: 200.225.254.116, loopback: True
host: 200.225.254.117, loopback: True
host: 200.225.254.118, loopback: True
host: 200.225.254.119, loopback: True
host: 200.225.254.120, loopback: True
host: 200.225.254.121, loopback: True
host: 200.225.254.122, loopback: True
host: 200.225.254.123, loopback: True
host: 200.225.254.124, loopback: True
host: 200.225.254.125, loopback: True
host: 200.225.254.126, loopback: True
host: 200.225.254.127, loopback: True
host: 200.225.254.128, loopback: True
host: 200.225.254.129, loopback: True
host: 200.225.254.130, loopback: True
host: 200.225.254.131, loopback: True
host: 200.225.254.132, loopback: True
host: 200.225.254.133, loopback: True
host: 200.225.254.134, loopback: True
host: 200.225.254.135, loopback: True
host: 200.225.254.138, loopback: True
host: 200.225.254.139, loopback: True
host: 200.225.254.140, loopback: True
host: 200.225.254.144, loopback: True
host: 200.225.254.145, loopback: True
host: 200.225.254.146, loopback: True
host: 200.225.254.147, loopback: True
host: 200.225.254.148, loopback: True
host: 200.225.254.150, loopback: True
host: 200.225.254.151, loopback: True
host: 200.225.254.152, loopback: True
host: 200.225.254.153, loopback: True
host: 200.225.254.154, loopback: True
host: 200.225.254.160, loopback: True
host: 200.225.254.161, loopback: True
host: 200.225.254.162, loopback: True
host: 200.225.254.163, loopback: True
host: 200.225.254.164, loopback: True
host: 200.225.254.165, loopback: True
host: 200.225.254.166, loopback: True
host: 200.225.254.167, loopback: True
host: 200.225.254.168, loopback: True
host: 200.225.254.169, loopback: True
host: 200.225.254.171, loopback: True
host: 200.225.254.172, loopback: True
host: 200.225.254.173, loopback: True
host: 200.225.254.174, loopback: True
host: 200.225.254.175, loopback: True
host: 200.225.254.176, loopback: True
host: 200.225.254.177, loopback: True
host: 200.225.254.178, loopback: True
host: 200.225.254.179, loopback: True
host: 200.225.254.180, loopback: True
host: 200.225.254.181, loopback: True
host: 200.225.254.182, loopback: True
host: 200.225.254.183, loopback: True
host: 200.225.254.187, loopback: True
host: 200.225.254.188, loopback: True
host: 200.225.254.189, loopback: True
host: 200.225.254.190, loopback: True
host: 200.225.254.191, loopback: True
host: 200.225.254.192, loopback: True
host: 200.225.254.194, loopback: True
host: 200.225.254.195, loopback: True
host: 200.225.254.196, loopback: True
host: 200.225.254.200, loopback: True
host: 200.225.254.201, loopback: True
host: 200.225.254.202, loopback: True
host: 200.225.254.240, loopback: True
host: 200.225.254.250, loopback: True
host: 200.225.254.251, loopback: True
host: 200.225.254.252, loopback: True
host: 200.225.254.253, loopback: True
host: 200.225.254.254, loopback: True
host: 189.39.3.1, hardware: True
host: 189.39.3.3, hardware: True
host: 189.39.3.4, hardware: True
host: 189.39.3.5, hardware: True
host: 189.39.3.6, hardware: True
host: 189.39.3.7, hardware: True
host: 189.39.3.9, hardware: True
host: 189.39.3.10, hardware: True
host: 189.39.3.12, hardware: True
host: 200.225.196.1, hardware: True
host: 200.225.196.2, hardware: True
host: 200.225.196.3, hardware: True
host: 200.225.196.4, hardware: False
host: 200.225.196.5, hardware: True
host: 200.225.196.6, hardware: True
host: 200.225.196.7, hardware: True
host: 200.225.196.8, hardware: True
host: 200.225.196.9, hardware: True
host: 200.225.196.12, hardware: True
host: 200.225.196.13, hardware: True
host: 200.225.196.14, hardware: True
host: 200.225.196.15, hardware: False
host: 200.225.196.17, hardware: True
host: 200.225.196.18, hardware: False
host: 200.225.196.19, hardware: True
host: 200.225.196.29, hardware: True
host: 200.225.196.30, hardware: True
host: 200.225.196.58, hardware: True
host: 200.225.196.65, hardware: True
host: 200.225.196.66, hardware: True
host: 200.225.196.67, hardware: True
host: 200.225.196.70, hardware: False
host: 200.225.196.72, hardware: False
host: 200.225.196.88, hardware: True
host: 200.225.196.89, hardware: True
host: 200.225.196.93, hardware: True
host: 200.225.196.96, hardware: True
host: 200.225.196.98, hardware: True
host: 200.225.196.99, hardware: True
host: 200.225.196.102, hardware: True
host: 200.225.196.103, hardware: True
host: 200.225.196.104, hardware: True
host: 200.225.196.106, hardware: True
host: 200.225.196.107, hardware: False
host: 200.225.196.125, hardware: False
host: 200.225.196.136, hardware: True
host: 200.225.196.137, hardware: True
host: 200.225.196.139, hardware: True
host: 200.225.196.140, hardware: True
host: 200.225.196.150, hardware: True
host: 200.225.196.159, hardware: False
host: 200.225.196.162, hardware: True
host: 200.225.196.163, hardware: False
host: 200.225.196.164, hardware: True
host: 200.225.196.168, hardware: False
host: 200.225.196.169, hardware: True
host: 200.225.196.170, hardware: False
host: 200.225.196.172, hardware: True
host: 200.225.196.174, hardware: False
host: 200.225.196.175, hardware: False
host: 200.225.196.177, hardware: False
host: 200.225.196.178, hardware: False
host: 200.225.196.179, hardware: False
host: 200.225.196.187, hardware: False
host: 200.225.196.190, hardware: False
host: 200.225.196.191, hardware: False
host: 200.225.196.197, hardware: False
host: 200.225.196.198, hardware: False
host: 200.225.196.201, hardware: True
host: 200.225.196.203, hardware: True
host: 200.225.196.204, hardware: True
host: 200.225.196.211, hardware: False
host: 200.225.196.213, hardware: True
host: 200.225.196.214, hardware: True
host: 200.225.196.215, hardware: True
host: 200.225.196.216, hardware: True
host: 200.225.196.217, hardware: True
host: 200.225.196.219, hardware: True
host: 200.225.196.226, hardware: False
host: 200.225.196.233, hardware: True
host: 200.225.196.244, hardware: True
host: 200.225.196.246, hardware: True
host: 200.225.196.247, hardware: True
host: 200.225.196.248, hardware: True
host: 200.225.196.250, hardware: True
host: 200.225.196.251, hardware: True
host: 200.225.196.252, hardware: True
host: 200.225.196.255, hardware: True
host: 200.225.199.17, hardware: True
host: 200.225.199.129, hardware: True
host: 200.225.199.130, hardware: True
host: 200.225.199.169, hardware: False
host: 200.225.199.170, hardware: False
host: 200.225.199.171, hardware: True
host: 200.225.199.191, hardware: True
host: 200.225.199.211, hardware: False
host: 200.225.199.215, hardware: True
host: 200.225.199.216, hardware: True
host: 200.225.200.101, hardware: True
host: 200.225.200.102, hardware: True
host: 200.225.200.103, hardware: True
host: 200.225.200.104, hardware: True
host: 200.225.200.105, hardware: True
host: 200.225.200.106, hardware: True
host: 200.225.200.107, hardware: True
host: 200.225.200.108, hardware: True
host: 200.225.200.109, hardware: True
host: 200.225.200.110, hardware: True
host: 200.225.200.111, hardware: True
host: 200.225.200.112, hardware: True
host: 200.225.200.113, hardware: True
host: 200.225.200.114, hardware: True
host: 200.225.200.115, hardware: True
host: 200.225.200.116, hardware: True
host: 200.225.200.117, hardware: True
host: 200.225.200.120, hardware: True
host: 200.225.254.1, hardware: True
host: 200.225.254.2, hardware: True
host: 200.225.254.3, hardware: True
host: 200.225.254.4, hardware: False
host: 200.225.254.5, hardware: True
host: 200.225.254.6, hardware: True
host: 200.225.254.7, hardware: False
host: 200.225.254.13, hardware: True
host: 200.225.254.16, hardware: False
host: 200.225.254.21, hardware: False
host: 200.225.254.22, hardware: False
host: 200.225.254.23, hardware: False
host: 200.225.254.24, hardware: False
host: 200.225.254.25, hardware: False
host: 200.225.254.26, hardware: False
host: 200.225.254.39, hardware: True
host: 200.225.254.40, hardware: False
host: 200.225.254.41, hardware: False
host: 200.225.254.42, hardware: False
host: 200.225.254.43, hardware: False
host: 200.225.254.44, hardware: False
host: 200.225.254.45, hardware: False
host: 200.225.254.46, hardware: False
host: 200.225.254.47, hardware: False
host: 200.225.254.48, hardware: False
host: 200.225.254.49, hardware: False
host: 200.225.254.50, hardware: True
host: 200.225.254.53, hardware: True
host: 200.225.254.54, hardware: True
host: 200.225.254.55, hardware: True
host: 200.225.254.56, hardware: True
host: 200.225.254.57, hardware: True
host: 200.225.254.58, hardware: True
host: 200.225.254.59, hardware: True
host: 200.225.254.60, hardware: False
host: 200.225.254.61, hardware: False
host: 200.225.254.63, hardware: False
host: 200.225.254.64, hardware: True
host: 200.225.254.70, hardware: False
host: 200.225.254.71, hardware: False
host: 200.225.254.72, hardware: False
host: 200.225.254.73, hardware: True
host: 200.225.254.74, hardware: False
host: 200.225.254.75, hardware: False
host: 200.225.254.76, hardware: False
host: 200.225.254.77, hardware: False
host: 200.225.254.78, hardware: False
host: 200.225.254.79, hardware: False
host: 200.225.254.80, hardware: False
host: 200.225.254.81, hardware: False
host: 200.225.254.82, hardware: False
host: 200.225.254.83, hardware: False
host: 200.225.254.85, hardware: False
host: 200.225.254.86, hardware: False
host: 200.225.254.87, hardware: False
host: 200.225.254.88, hardware: False
host: 200.225.254.90, hardware: False
host: 200.225.254.91, hardware: False
host: 200.225.254.92, hardware: False
host: 200.225.254.93, hardware: False
host: 200.225.254.94, hardware: True
host: 200.225.254.96, hardware: False
host: 200.225.254.97, hardware: False
host: 200.225.254.98, hardware: False
host: 200.225.254.99, hardware: False
host: 200.225.254.100, hardware: False
host: 200.225.254.102, hardware: True
host: 200.225.254.103, hardware: True
host: 200.225.254.104, hardware: True
host: 200.225.254.105, hardware: False
host: 200.225.254.106, hardware: True
host: 200.225.254.107, hardware: False
host: 200.225.254.108, hardware: False
host: 200.225.254.109, hardware: False
host: 200.225.254.110, hardware: True
host: 200.225.254.111, hardware: True
host: 200.225.254.112, hardware: True
host: 200.225.254.113, hardware: False
host: 200.225.254.114, hardware: True
host: 200.225.254.115, hardware: False
host: 200.225.254.116, hardware: False
host: 200.225.254.117, hardware: False
host: 200.225.254.118, hardware: False
host: 200.225.254.119, hardware: False
host: 200.225.254.120, hardware: False
host: 200.225.254.121, hardware: False
host: 200.225.254.122, hardware: False
host: 200.225.254.123, hardware: False
host: 200.225.254.124, hardware: False
host: 200.225.254.125, hardware: False
host: 200.225.254.126, hardware: False
host: 200.225.254.127, hardware: False
host: 200.225.254.128, hardware: False
host: 200.225.254.129, hardware: True
host: 200.225.254.130, hardware: False
host: 200.225.254.131, hardware: False
host: 200.225.254.132, hardware: False
host: 200.225.254.133, hardware: False
host: 200.225.254.134, hardware: False
host: 200.225.254.135, hardware: False
host: 200.225.254.138, hardware: True
host: 200.225.254.139, hardware: False
host: 200.225.254.140, hardware: True
host: 200.225.254.144, hardware: False
host: 200.225.254.145, hardware: False
host: 200.225.254.146, hardware: False
host: 200.225.254.147, hardware: False
host: 200.225.254.148, hardware: False
host: 200.225.254.150, hardware: False
host: 200.225.254.151, hardware: False
host: 200.225.254.152, hardware: False
host: 200.225.254.153, hardware: False
host: 200.225.254.154, hardware: False
host: 200.225.254.160, hardware: True
host: 200.225.254.161, hardware: False
host: 200.225.254.162, hardware: False
host: 200.225.254.163, hardware: False
host: 200.225.254.164, hardware: False
host: 200.225.254.165, hardware: False
host: 200.225.254.166, hardware: False
host: 200.225.254.167, hardware: False
host: 200.225.254.168, hardware: True
host: 200.225.254.169, hardware: False
host: 200.225.254.171, hardware: False
host: 200.225.254.172, hardware: True
host: 200.225.254.173, hardware: False
host: 200.225.254.174, hardware: False
host: 200.225.254.175, hardware: False
host: 200.225.254.176, hardware: True
host: 200.225.254.177, hardware: False
host: 200.225.254.178, hardware: True
host: 200.225.254.179, hardware: True
host: 200.225.254.180, hardware: True
host: 200.225.254.181, hardware: True
host: 200.225.254.182, hardware: True
host: 200.225.254.183, hardware: True
host: 200.225.254.187, hardware: True
host: 200.225.254.188, hardware: True
host: 200.225.254.189, hardware: True
host: 200.225.254.190, hardware: True
host: 200.225.254.191, hardware: False
host: 200.225.254.192, hardware: True
host: 200.225.254.194, hardware: True
host: 200.225.254.195, hardware: True
host: 200.225.254.196, hardware: True
host: 200.225.254.200, hardware: True
host: 200.225.254.201, hardware: True
host: 200.225.254.202, hardware: False
host: 200.225.254.240, hardware: True
host: 200.225.254.250, hardware: True
host: 200.225.254.251, hardware: True
host: 200.225.254.252, hardware: True
host: 200.225.254.253, hardware: True
host: 200.225.254.254, hardware: True
